2024-09-15 23:21:31,381 - __main__ - INFO - Configurations loaded successfully:
2024-09-15 23:21:33,060 - __main__ - INFO - Connection to db succeeded.
2024-09-15 23:21:33,224 - __main__ - INFO - Access granted to program. Launching the application...
2024-09-15 23:22:03,348 - __main__ - INFO - Initializing Main game window...
2024-09-15 23:22:03,374 - __main__ - INFO - Main game window initialized successfully!
2024-09-15 23:22:03,565 - __main__ - INFO - Access granted to program. Launching the application...
2024-09-15 23:22:03,566 - __main__ - INFO - Initializing the game manager...
2024-09-15 23:22:04,978 - __main__ - INFO - Chrome WebDriver successfully launched.
2024-09-15 23:22:04,980 - __main__ - INFO - Logging in to the site...
2024-09-15 23:22:04,980 - __main__ - INFO - Starting game monitoring...
2024-09-15 23:22:05,363 - __main__ - WARNING - URL does not contain '/sportsbook/live/events'. Attempting to navigate to the correct page...
2024-09-15 23:22:05,380 - __main__ - INFO - Already on the correct page.
2024-09-15 23:22:14,752 - __main__ - WARNING - URL does not contain '/sportsbook/live/events'. Attempting to navigate to the correct page...
2024-09-15 23:22:15,832 - __main__ - INFO - Successfully navigated to the correct page.
2024-09-15 23:22:15,833 - __main__ - INFO - The game manager was initialized successfully...
2024-09-15 23:22:15,835 - __main__ - INFO - Updating game data in UI thread...
2024-09-15 23:22:15,837 - __main__ - INFO - Updating marked games UI in UI thread...
2024-09-15 23:22:16,843 - __main__ - WARNING - Exception on collect_game_info for game at index 0 in league הרפובליקה הדומיניקנית Torneo Baloncesto Superior Del Distrito Nacional. Retrying...
2024-09-15 23:22:17,988 - __main__ - INFO - Updating game data in UI thread...
2024-09-15 23:22:17,989 - __main__ - INFO - Updating marked games UI in UI thread...
2024-09-15 23:22:56,988 - __main__ - INFO - Updating marked games UI in UI thread...
2024-09-15 23:22:57,521 - __main__ - INFO - Updating marked games UI in UI thread...
2024-09-15 23:22:58,519 - __main__ - INFO - Updating marked games UI in UI thread...
2024-09-15 23:42:39,955 - __main__ - INFO - Configurations loaded successfully:
2024-09-15 23:42:41,685 - __main__ - INFO - Connection to db succeeded.
2024-09-15 23:42:41,887 - __main__ - INFO - Access granted to program. Launching the application...
2024-09-15 23:42:43,233 - __main__ - INFO - Initializing Main game window...
2024-09-15 23:42:43,266 - __main__ - INFO - Main game window initialized successfully!
2024-09-15 23:42:43,453 - __main__ - INFO - Access granted to program. Launching the application...
2024-09-15 23:42:43,454 - __main__ - INFO - Initializing the game manager...
2024-09-15 23:42:44,889 - __main__ - INFO - Chrome WebDriver successfully launched.
2024-09-15 23:42:44,890 - __main__ - INFO - Logging in to the site...
2024-09-15 23:42:53,640 - __main__ - WARNING - URL does not contain '/sportsbook/live/events'. Attempting to navigate to the correct page...
2024-09-15 23:42:54,721 - __main__ - INFO - Successfully navigated to the correct page.
2024-09-15 23:42:54,721 - __main__ - INFO - The game manager was initialized successfully...
2024-09-15 23:42:54,723 - __main__ - INFO - Starting game monitoring...
2024-09-15 23:42:55,342 - __main__ - WARNING - Exception on collect_game_info for game at index 0 in league הרפובליקה הדומיניקנית Torneo Baloncesto Superior Del Distrito Nacional. Retrying...
2024-09-15 23:42:56,493 - __main__ - INFO - Updating game data in UI thread...
2024-09-15 23:42:56,494 - __main__ - INFO - Updating marked games UI in UI thread...
2024-09-15 23:42:59,997 - __main__ - INFO - Updating game data in UI thread...
2024-09-15 23:42:59,997 - __main__ - INFO - Updating marked games UI in UI thread...
2024-09-15 23:43:03,055 - __main__ - WARNING - Exception on collect_game_info for game at index 0 in league ארצות הברית ליגה ראשונה כדורסל נשים ארה"ב. Retrying...
2024-09-15 23:46:04,760 - __main__ - INFO - Configurations loaded successfully:
2024-09-15 23:46:06,476 - __main__ - INFO - Connection to db succeeded.
2024-09-15 23:46:06,636 - __main__ - INFO - Access granted to program. Launching the application...
2024-09-15 23:46:08,677 - __main__ - INFO - Initializing Main game window...
2024-09-15 23:46:08,712 - __main__ - INFO - Main game window initialized successfully!
2024-09-15 23:46:08,894 - __main__ - INFO - Access granted to program. Launching the application...
2024-09-15 23:46:08,895 - __main__ - INFO - Initializing the game manager...
2024-09-15 23:46:10,252 - __main__ - INFO - Chrome WebDriver successfully launched.
2024-09-15 23:46:10,258 - __main__ - INFO - Logging in to the site...
2024-09-15 23:46:19,959 - __main__ - WARNING - URL does not contain '/sportsbook/live/events'. Attempting to navigate to the correct page...
2024-09-15 23:46:21,042 - __main__ - INFO - Successfully navigated to the correct page.
2024-09-15 23:46:21,043 - __main__ - INFO - The game manager was initialized successfully...
2024-09-15 23:46:21,045 - __main__ - INFO - Starting game monitoring...
2024-09-15 23:46:21,594 - __main__ - WARNING - Error finding first total in table for game וושינגטון vs אטלנטה דרים
2024-09-15 23:46:21,845 - __main__ - WARNING - Exception on collect_game_info for game at index 0 in league הרפובליקה הדומיניקנית Torneo Baloncesto Superior Del Distrito Nacional. Retrying...
2024-09-15 23:46:22,945 - __main__ - WARNING - Error finding first total in table for game Bameso vs Los Prados SD
2024-09-15 23:46:22,946 - __main__ - INFO - Updating game data in UI thread...
2024-09-15 23:46:22,946 - __main__ - INFO - Updating marked games UI in UI thread...
2024-09-15 23:46:26,418 - __main__ - INFO - Updating game data in UI thread...
2024-09-15 23:46:26,419 - __main__ - INFO - Updating marked games UI in UI thread...
2024-09-15 23:46:29,482 - __main__ - WARNING - Exception on collect_game_info for game at index 0 in league ארצות הברית ליגה ראשונה כדורסל נשים ארה"ב. Retrying...
2024-09-15 23:46:30,871 - __main__ - INFO - Updating game data in UI thread...
2024-09-15 23:46:30,871 - __main__ - INFO - Updating marked games UI in UI thread...
2024-09-15 23:46:34,343 - __main__ - INFO - Updating game data in UI thread...
2024-09-15 23:46:34,343 - __main__ - INFO - Updating marked games UI in UI thread...
2024-09-15 23:46:37,765 - __main__ - WARNING - Error finding total table: Message: stale element reference: stale element not found in the current frame
  (Session info: chrome=128.0.6613.138); For documentation on this error, please visit: https://www.selenium.dev/documentation/webdriver/troubleshooting/errors#stale-element-reference-exception
Stacktrace:
0   chromedriver                        0x0000000102565208 cxxbridge1$str$ptr + 1927396
1   chromedriver                        0x000000010255d66c cxxbridge1$str$ptr + 1895752
2   chromedriver                        0x0000000102158808 cxxbridge1$string$len + 89564
3   chromedriver                        0x000000010215d8b8 cxxbridge1$string$len + 110220
4   chromedriver                        0x000000010215f030 cxxbridge1$string$len + 116228
5   chromedriver                        0x000000010215f0a8 cxxbridge1$string$len + 116348
6   chromedriver                        0x000000010219c93c cxxbridge1$string$len + 368400
7   chromedriver                        0x0000000102193064 cxxbridge1$string$len + 329272
8   chromedriver                        0x00000001021d6228 cxxbridge1$string$len + 604156
9   chromedriver                        0x0000000102191698 cxxbridge1$string$len + 322668
10  chromedriver                        0x0000000102192310 cxxbridge1$string$len + 325860
11  chromedriver                        0x000000010252be78 cxxbridge1$str$ptr + 1693012
12  chromedriver                        0x000000010253077c cxxbridge1$str$ptr + 1711704
13  chromedriver                        0x00000001025113ec cxxbridge1$str$ptr + 1583816
14  chromedriver                        0x000000010253104c cxxbridge1$str$ptr + 1713960
15  chromedriver                        0x0000000102501fc8 cxxbridge1$str$ptr + 1521316
16  chromedriver                        0x000000010254eb68 cxxbridge1$str$ptr + 1835588
17  chromedriver                        0x000000010254ece4 cxxbridge1$str$ptr + 1835968
18  chromedriver                        0x000000010255d308 cxxbridge1$str$ptr + 1894884
19  libsystem_pthread.dylib             0x000000018e9aef94 _pthread_start + 136
20  libsystem_pthread.dylib             0x000000018e9a9d34 thread_start + 8

2024-09-15 23:46:37,894 - __main__ - INFO - Updating game data in UI thread...
2024-09-15 23:46:37,894 - __main__ - INFO - Updating marked games UI in UI thread...
2024-09-15 23:46:41,237 - __main__ - WARNING - Error finding total table: Message: stale element reference: stale element not found in the current frame
  (Session info: chrome=128.0.6613.138); For documentation on this error, please visit: https://www.selenium.dev/documentation/webdriver/troubleshooting/errors#stale-element-reference-exception
Stacktrace:
0   chromedriver                        0x0000000102565208 cxxbridge1$str$ptr + 1927396
1   chromedriver                        0x000000010255d66c cxxbridge1$str$ptr + 1895752
2   chromedriver                        0x0000000102158808 cxxbridge1$string$len + 89564
3   chromedriver                        0x000000010215d8b8 cxxbridge1$string$len + 110220
4   chromedriver                        0x000000010215f030 cxxbridge1$string$len + 116228
5   chromedriver                        0x000000010215f0a8 cxxbridge1$string$len + 116348
6   chromedriver                        0x000000010219c93c cxxbridge1$string$len + 368400
7   chromedriver                        0x0000000102193064 cxxbridge1$string$len + 329272
8   chromedriver                        0x00000001021d6228 cxxbridge1$string$len + 604156
9   chromedriver                        0x0000000102191698 cxxbridge1$string$len + 322668
10  chromedriver                        0x0000000102192310 cxxbridge1$string$len + 325860
11  chromedriver                        0x000000010252be78 cxxbridge1$str$ptr + 1693012
12  chromedriver                        0x000000010253077c cxxbridge1$str$ptr + 1711704
13  chromedriver                        0x00000001025113ec cxxbridge1$str$ptr + 1583816
14  chromedriver                        0x000000010253104c cxxbridge1$str$ptr + 1713960
15  chromedriver                        0x0000000102501fc8 cxxbridge1$str$ptr + 1521316
16  chromedriver                        0x000000010254eb68 cxxbridge1$str$ptr + 1835588
17  chromedriver                        0x000000010254ece4 cxxbridge1$str$ptr + 1835968
18  chromedriver                        0x000000010255d308 cxxbridge1$str$ptr + 1894884
19  libsystem_pthread.dylib             0x000000018e9aef94 _pthread_start + 136
20  libsystem_pthread.dylib             0x000000018e9a9d34 thread_start + 8

2024-09-15 23:46:41,352 - __main__ - INFO - Updating game data in UI thread...
2024-09-15 23:46:41,353 - __main__ - INFO - Updating marked games UI in UI thread...
2024-09-15 23:46:44,408 - __main__ - WARNING - Exception on collect_game_info for game at index 0 in league ארצות הברית ליגה ראשונה כדורסל נשים ארה"ב. Retrying...
2024-09-15 23:46:45,658 - __main__ - WARNING - Error finding total table: Message: stale element reference: stale element not found in the current frame
  (Session info: chrome=128.0.6613.138); For documentation on this error, please visit: https://www.selenium.dev/documentation/webdriver/troubleshooting/errors#stale-element-reference-exception
Stacktrace:
0   chromedriver                        0x0000000102565208 cxxbridge1$str$ptr + 1927396
1   chromedriver                        0x000000010255d66c cxxbridge1$str$ptr + 1895752
2   chromedriver                        0x0000000102158808 cxxbridge1$string$len + 89564
3   chromedriver                        0x000000010215d8b8 cxxbridge1$string$len + 110220
4   chromedriver                        0x000000010215f030 cxxbridge1$string$len + 116228
5   chromedriver                        0x000000010215f0a8 cxxbridge1$string$len + 116348
6   chromedriver                        0x000000010219c93c cxxbridge1$string$len + 368400
7   chromedriver                        0x0000000102193064 cxxbridge1$string$len + 329272
8   chromedriver                        0x00000001021d6228 cxxbridge1$string$len + 604156
9   chromedriver                        0x0000000102191698 cxxbridge1$string$len + 322668
10  chromedriver                        0x0000000102192310 cxxbridge1$string$len + 325860
11  chromedriver                        0x000000010252be78 cxxbridge1$str$ptr + 1693012
12  chromedriver                        0x000000010253077c cxxbridge1$str$ptr + 1711704
13  chromedriver                        0x00000001025113ec cxxbridge1$str$ptr + 1583816
14  chromedriver                        0x000000010253104c cxxbridge1$str$ptr + 1713960
15  chromedriver                        0x0000000102501fc8 cxxbridge1$str$ptr + 1521316
16  chromedriver                        0x000000010254eb68 cxxbridge1$str$ptr + 1835588
17  chromedriver                        0x000000010254ece4 cxxbridge1$str$ptr + 1835968
18  chromedriver                        0x000000010255d308 cxxbridge1$str$ptr + 1894884
19  libsystem_pthread.dylib             0x000000018e9aef94 _pthread_start + 136
20  libsystem_pthread.dylib             0x000000018e9a9d34 thread_start + 8

2024-09-15 23:46:45,773 - __main__ - INFO - Updating game data in UI thread...
2024-09-15 23:46:45,773 - __main__ - INFO - Updating marked games UI in UI thread...
2024-09-15 23:46:48,831 - __main__ - WARNING - Exception on collect_game_info for game at index 0 in league ארצות הברית ליגה ראשונה כדורסל נשים ארה"ב. Retrying...
2024-09-15 23:46:50,103 - __main__ - WARNING - Error finding total table: Message: stale element reference: stale element not found in the current frame
  (Session info: chrome=128.0.6613.138); For documentation on this error, please visit: https://www.selenium.dev/documentation/webdriver/troubleshooting/errors#stale-element-reference-exception
Stacktrace:
0   chromedriver                        0x0000000102565208 cxxbridge1$str$ptr + 1927396
1   chromedriver                        0x000000010255d66c cxxbridge1$str$ptr + 1895752
2   chromedriver                        0x0000000102158808 cxxbridge1$string$len + 89564
3   chromedriver                        0x000000010215d8b8 cxxbridge1$string$len + 110220
4   chromedriver                        0x000000010215f030 cxxbridge1$string$len + 116228
5   chromedriver                        0x000000010215f0a8 cxxbridge1$string$len + 116348
6   chromedriver                        0x000000010219c93c cxxbridge1$string$len + 368400
7   chromedriver                        0x0000000102193064 cxxbridge1$string$len + 329272
8   chromedriver                        0x00000001021d6228 cxxbridge1$string$len + 604156
9   chromedriver                        0x0000000102191698 cxxbridge1$string$len + 322668
10  chromedriver                        0x0000000102192310 cxxbridge1$string$len + 325860
11  chromedriver                        0x000000010252be78 cxxbridge1$str$ptr + 1693012
12  chromedriver                        0x000000010253077c cxxbridge1$str$ptr + 1711704
13  chromedriver                        0x00000001025113ec cxxbridge1$str$ptr + 1583816
14  chromedriver                        0x000000010253104c cxxbridge1$str$ptr + 1713960
15  chromedriver                        0x0000000102501fc8 cxxbridge1$str$ptr + 1521316
16  chromedriver                        0x000000010254eb68 cxxbridge1$str$ptr + 1835588
17  chromedriver                        0x000000010254ece4 cxxbridge1$str$ptr + 1835968
18  chromedriver                        0x000000010255d308 cxxbridge1$str$ptr + 1894884
19  libsystem_pthread.dylib             0x000000018e9aef94 _pthread_start + 136
20  libsystem_pthread.dylib             0x000000018e9a9d34 thread_start + 8

2024-09-15 23:46:50,232 - __main__ - INFO - Updating game data in UI thread...
2024-09-15 23:46:50,233 - __main__ - INFO - Updating marked games UI in UI thread...
2024-09-15 23:46:53,293 - __main__ - WARNING - Exception on collect_game_info for game at index 0 in league ארצות הברית ליגה ראשונה כדורסל נשים ארה"ב. Retrying...
2024-09-15 23:46:54,675 - __main__ - INFO - Updating game data in UI thread...
2024-09-15 23:46:54,675 - __main__ - INFO - Updating marked games UI in UI thread...
2024-09-15 23:46:57,733 - __main__ - WARNING - Exception on collect_game_info for game at index 0 in league ארצות הברית ליגה ראשונה כדורסל נשים ארה"ב. Retrying...
2024-09-15 23:46:59,299 - __main__ - INFO - Updating game data in UI thread...
2024-09-15 23:46:59,299 - __main__ - INFO - Updating marked games UI in UI thread...
2024-09-15 23:47:02,769 - __main__ - INFO - Updating game data in UI thread...
2024-09-15 23:47:02,769 - __main__ - INFO - Updating marked games UI in UI thread...
2024-09-15 23:47:05,827 - __main__ - WARNING - Exception on collect_game_info for game at index 0 in league ארצות הברית ליגה ראשונה כדורסל נשים ארה"ב. Retrying...
2024-09-15 23:47:07,331 - __main__ - INFO - Updating game data in UI thread...
2024-09-15 23:47:07,332 - __main__ - INFO - Updating marked games UI in UI thread...
2024-09-15 23:47:10,928 - __main__ - INFO - Updating game data in UI thread...
2024-09-15 23:47:10,928 - __main__ - INFO - Updating marked games UI in UI thread...
2024-09-15 23:47:14,447 - __main__ - INFO - Updating game data in UI thread...
2024-09-15 23:47:14,447 - __main__ - INFO - Updating marked games UI in UI thread...
2024-09-15 23:47:17,505 - __main__ - WARNING - Exception on collect_game_info for game at index 0 in league ארצות הברית ליגה ראשונה כדורסל נשים ארה"ב. Retrying...
2024-09-15 23:47:18,924 - __main__ - INFO - Updating game data in UI thread...
2024-09-15 23:47:18,925 - __main__ - INFO - Updating marked games UI in UI thread...
2024-09-15 23:47:22,422 - __main__ - INFO - Updating game data in UI thread...
2024-09-15 23:47:22,422 - __main__ - INFO - Updating marked games UI in UI thread...
2024-09-15 23:47:25,478 - __main__ - WARNING - Exception on collect_game_info for game at index 0 in league ארצות הברית ליגה ראשונה כדורסל נשים ארה"ב. Retrying...
2024-09-15 23:47:27,071 - __main__ - INFO - Updating game data in UI thread...
2024-09-15 23:47:27,072 - __main__ - INFO - Updating marked games UI in UI thread...
2024-09-15 23:47:30,130 - __main__ - WARNING - Exception on collect_game_info for game at index 0 in league ארצות הברית ליגה ראשונה כדורסל נשים ארה"ב. Retrying...
2024-09-15 23:47:31,489 - __main__ - INFO - Updating game data in UI thread...
2024-09-15 23:47:31,489 - __main__ - INFO - Updating marked games UI in UI thread...
2024-09-15 23:47:35,009 - __main__ - INFO - Updating game data in UI thread...
2024-09-15 23:47:35,009 - __main__ - INFO - Updating marked games UI in UI thread...
2024-09-15 23:47:38,390 - __main__ - WARNING - Error finding total table: Message: stale element reference: stale element not found in the current frame
  (Session info: chrome=128.0.6613.138); For documentation on this error, please visit: https://www.selenium.dev/documentation/webdriver/troubleshooting/errors#stale-element-reference-exception
Stacktrace:
0   chromedriver                        0x0000000102565208 cxxbridge1$str$ptr + 1927396
1   chromedriver                        0x000000010255d66c cxxbridge1$str$ptr + 1895752
2   chromedriver                        0x0000000102158808 cxxbridge1$string$len + 89564
3   chromedriver                        0x000000010215d8b8 cxxbridge1$string$len + 110220
4   chromedriver                        0x000000010215f030 cxxbridge1$string$len + 116228
5   chromedriver                        0x000000010215f0a8 cxxbridge1$string$len + 116348
6   chromedriver                        0x000000010219c93c cxxbridge1$string$len + 368400
7   chromedriver                        0x0000000102193064 cxxbridge1$string$len + 329272
8   chromedriver                        0x00000001021d6228 cxxbridge1$string$len + 604156
9   chromedriver                        0x0000000102191698 cxxbridge1$string$len + 322668
10  chromedriver                        0x0000000102192310 cxxbridge1$string$len + 325860
11  chromedriver                        0x000000010252be78 cxxbridge1$str$ptr + 1693012
12  chromedriver                        0x000000010253077c cxxbridge1$str$ptr + 1711704
13  chromedriver                        0x00000001025113ec cxxbridge1$str$ptr + 1583816
14  chromedriver                        0x000000010253104c cxxbridge1$str$ptr + 1713960
15  chromedriver                        0x0000000102501fc8 cxxbridge1$str$ptr + 1521316
16  chromedriver                        0x000000010254eb68 cxxbridge1$str$ptr + 1835588
17  chromedriver                        0x000000010254ece4 cxxbridge1$str$ptr + 1835968
18  chromedriver                        0x000000010255d308 cxxbridge1$str$ptr + 1894884
19  libsystem_pthread.dylib             0x000000018e9aef94 _pthread_start + 136
20  libsystem_pthread.dylib             0x000000018e9a9d34 thread_start + 8

2024-09-15 23:47:38,501 - __main__ - INFO - Updating game data in UI thread...
2024-09-15 23:47:38,502 - __main__ - INFO - Updating marked games UI in UI thread...
2024-09-15 23:47:41,557 - __main__ - WARNING - Exception on collect_game_info for game at index 0 in league ארצות הברית ליגה ראשונה כדורסל נשים ארה"ב. Retrying...
2024-09-15 23:47:43,188 - __main__ - INFO - Updating game data in UI thread...
2024-09-15 23:47:43,188 - __main__ - INFO - Updating marked games UI in UI thread...
2024-09-15 23:47:46,689 - __main__ - INFO - Updating game data in UI thread...
2024-09-15 23:47:46,689 - __main__ - INFO - Updating marked games UI in UI thread...
2024-09-15 23:47:49,747 - __main__ - WARNING - Exception on collect_game_info for game at index 0 in league ארצות הברית ליגה ראשונה כדורסל נשים ארה"ב. Retrying...
2024-09-15 23:47:51,016 - __main__ - WARNING - Error finding total table: Message: stale element reference: stale element not found in the current frame
  (Session info: chrome=128.0.6613.138); For documentation on this error, please visit: https://www.selenium.dev/documentation/webdriver/troubleshooting/errors#stale-element-reference-exception
Stacktrace:
0   chromedriver                        0x0000000102565208 cxxbridge1$str$ptr + 1927396
1   chromedriver                        0x000000010255d66c cxxbridge1$str$ptr + 1895752
2   chromedriver                        0x0000000102158808 cxxbridge1$string$len + 89564
3   chromedriver                        0x000000010215d8b8 cxxbridge1$string$len + 110220
4   chromedriver                        0x000000010215f030 cxxbridge1$string$len + 116228
5   chromedriver                        0x000000010215f0a8 cxxbridge1$string$len + 116348
6   chromedriver                        0x0000000102197a74 cxxbridge1$string$len + 348232
7   chromedriver                        0x0000000102193064 cxxbridge1$string$len + 329272
8   chromedriver                        0x00000001021d6228 cxxbridge1$string$len + 604156
9   chromedriver                        0x0000000102191698 cxxbridge1$string$len + 322668
10  chromedriver                        0x0000000102192310 cxxbridge1$string$len + 325860
11  chromedriver                        0x000000010252be78 cxxbridge1$str$ptr + 1693012
12  chromedriver                        0x000000010253077c cxxbridge1$str$ptr + 1711704
13  chromedriver                        0x00000001025113ec cxxbridge1$str$ptr + 1583816
14  chromedriver                        0x000000010253104c cxxbridge1$str$ptr + 1713960
15  chromedriver                        0x0000000102501fc8 cxxbridge1$str$ptr + 1521316
16  chromedriver                        0x000000010254eb68 cxxbridge1$str$ptr + 1835588
17  chromedriver                        0x000000010254ece4 cxxbridge1$str$ptr + 1835968
18  chromedriver                        0x000000010255d308 cxxbridge1$str$ptr + 1894884
19  libsystem_pthread.dylib             0x000000018e9aef94 _pthread_start + 136
20  libsystem_pthread.dylib             0x000000018e9a9d34 thread_start + 8

2024-09-15 23:47:51,134 - __main__ - INFO - Updating game data in UI thread...
2024-09-15 23:47:51,134 - __main__ - INFO - Updating marked games UI in UI thread...
2024-09-15 23:47:54,187 - __main__ - WARNING - Exception on collect_game_info for game at index 0 in league ארצות הברית ליגה ראשונה כדורסל נשים ארה"ב. Retrying...
2024-09-15 23:47:55,557 - __main__ - INFO - Updating game data in UI thread...
2024-09-15 23:47:55,558 - __main__ - INFO - Updating marked games UI in UI thread...
2024-09-15 23:47:58,612 - __main__ - WARNING - Exception on collect_game_info for game at index 0 in league ארצות הברית ליגה ראשונה כדורסל נשים ארה"ב. Retrying...
2024-09-15 23:48:00,207 - __main__ - INFO - Updating game data in UI thread...
2024-09-15 23:48:00,207 - __main__ - INFO - Updating marked games UI in UI thread...
2024-09-15 23:48:03,685 - __main__ - INFO - Updating game data in UI thread...
2024-09-15 23:48:03,685 - __main__ - INFO - Updating marked games UI in UI thread...
2024-09-15 23:48:07,226 - __main__ - INFO - Updating game data in UI thread...
2024-09-15 23:48:07,226 - __main__ - INFO - Updating marked games UI in UI thread...
2024-09-15 23:48:10,284 - __main__ - WARNING - Exception on collect_game_info for game at index 0 in league ארצות הברית ליגה ראשונה כדורסל נשים ארה"ב. Retrying...
2024-09-15 23:48:11,672 - __main__ - INFO - Updating game data in UI thread...
2024-09-15 23:48:11,673 - __main__ - INFO - Updating marked games UI in UI thread...
2024-09-15 23:48:14,730 - __main__ - WARNING - Exception on collect_game_info for game at index 0 in league ארצות הברית ליגה ראשונה כדורסל נשים ארה"ב. Retrying...
2024-09-15 23:48:16,094 - __main__ - INFO - Updating game data in UI thread...
2024-09-15 23:48:16,095 - __main__ - INFO - Updating marked games UI in UI thread...
2024-09-15 23:48:19,568 - __main__ - INFO - Updating game data in UI thread...
2024-09-15 23:48:19,568 - __main__ - INFO - Updating marked games UI in UI thread...
2024-09-15 23:48:23,115 - __main__ - INFO - Updating game data in UI thread...
2024-09-15 23:48:23,115 - __main__ - INFO - Updating marked games UI in UI thread...
2024-09-15 23:48:26,170 - __main__ - WARNING - Exception on collect_game_info for game at index 0 in league ארצות הברית ליגה ראשונה כדורסל נשים ארה"ב. Retrying...
2024-09-15 23:48:27,654 - __main__ - INFO - Updating game data in UI thread...
2024-09-15 23:48:27,654 - __main__ - INFO - Updating marked games UI in UI thread...
2024-09-15 23:48:31,054 - __main__ - WARNING - Error finding total table: Message: stale element reference: stale element not found in the current frame
  (Session info: chrome=128.0.6613.138); For documentation on this error, please visit: https://www.selenium.dev/documentation/webdriver/troubleshooting/errors#stale-element-reference-exception
Stacktrace:
0   chromedriver                        0x0000000102565208 cxxbridge1$str$ptr + 1927396
1   chromedriver                        0x000000010255d66c cxxbridge1$str$ptr + 1895752
2   chromedriver                        0x0000000102158808 cxxbridge1$string$len + 89564
3   chromedriver                        0x000000010215d8b8 cxxbridge1$string$len + 110220
4   chromedriver                        0x000000010215f030 cxxbridge1$string$len + 116228
5   chromedriver                        0x000000010215f0a8 cxxbridge1$string$len + 116348
6   chromedriver                        0x000000010219c93c cxxbridge1$string$len + 368400
7   chromedriver                        0x0000000102193064 cxxbridge1$string$len + 329272
8   chromedriver                        0x00000001021d6228 cxxbridge1$string$len + 604156
9   chromedriver                        0x0000000102191698 cxxbridge1$string$len + 322668
10  chromedriver                        0x0000000102192310 cxxbridge1$string$len + 325860
11  chromedriver                        0x000000010252be78 cxxbridge1$str$ptr + 1693012
12  chromedriver                        0x000000010253077c cxxbridge1$str$ptr + 1711704
13  chromedriver                        0x00000001025113ec cxxbridge1$str$ptr + 1583816
14  chromedriver                        0x000000010253104c cxxbridge1$str$ptr + 1713960
15  chromedriver                        0x0000000102501fc8 cxxbridge1$str$ptr + 1521316
16  chromedriver                        0x000000010254eb68 cxxbridge1$str$ptr + 1835588
17  chromedriver                        0x000000010254ece4 cxxbridge1$str$ptr + 1835968
18  chromedriver                        0x000000010255d308 cxxbridge1$str$ptr + 1894884
19  libsystem_pthread.dylib             0x000000018e9aef94 _pthread_start + 136
20  libsystem_pthread.dylib             0x000000018e9a9d34 thread_start + 8

2024-09-15 23:48:31,174 - __main__ - INFO - Updating game data in UI thread...
2024-09-15 23:48:31,175 - __main__ - INFO - Updating marked games UI in UI thread...
2024-09-15 23:48:34,631 - __main__ - INFO - Updating game data in UI thread...
2024-09-15 23:48:34,631 - __main__ - INFO - Updating marked games UI in UI thread...
2024-09-15 23:48:37,688 - __main__ - WARNING - Exception on collect_game_info for game at index 0 in league ארצות הברית ליגה ראשונה כדורסל נשים ארה"ב. Retrying...
2024-09-15 23:48:39,365 - __main__ - INFO - Updating game data in UI thread...
2024-09-15 23:48:39,365 - __main__ - INFO - Updating marked games UI in UI thread...
2024-09-15 23:48:42,842 - __main__ - INFO - Updating game data in UI thread...
2024-09-15 23:48:42,842 - __main__ - INFO - Updating marked games UI in UI thread...
2024-09-15 23:48:46,158 - __main__ - WARNING - Error finding total table: Message: stale element reference: stale element not found in the current frame
  (Session info: chrome=128.0.6613.138); For documentation on this error, please visit: https://www.selenium.dev/documentation/webdriver/troubleshooting/errors#stale-element-reference-exception
Stacktrace:
0   chromedriver                        0x0000000102565208 cxxbridge1$str$ptr + 1927396
1   chromedriver                        0x000000010255d66c cxxbridge1$str$ptr + 1895752
2   chromedriver                        0x0000000102158808 cxxbridge1$string$len + 89564
3   chromedriver                        0x000000010215d8b8 cxxbridge1$string$len + 110220
4   chromedriver                        0x000000010215f030 cxxbridge1$string$len + 116228
5   chromedriver                        0x000000010215f0a8 cxxbridge1$string$len + 116348
6   chromedriver                        0x0000000102197a74 cxxbridge1$string$len + 348232
7   chromedriver                        0x0000000102193064 cxxbridge1$string$len + 329272
8   chromedriver                        0x00000001021d6228 cxxbridge1$string$len + 604156
9   chromedriver                        0x0000000102191698 cxxbridge1$string$len + 322668
10  chromedriver                        0x0000000102192310 cxxbridge1$string$len + 325860
11  chromedriver                        0x000000010252be78 cxxbridge1$str$ptr + 1693012
12  chromedriver                        0x000000010253077c cxxbridge1$str$ptr + 1711704
13  chromedriver                        0x00000001025113ec cxxbridge1$str$ptr + 1583816
14  chromedriver                        0x000000010253104c cxxbridge1$str$ptr + 1713960
15  chromedriver                        0x0000000102501fc8 cxxbridge1$str$ptr + 1521316
16  chromedriver                        0x000000010254eb68 cxxbridge1$str$ptr + 1835588
17  chromedriver                        0x000000010254ece4 cxxbridge1$str$ptr + 1835968
18  chromedriver                        0x000000010255d308 cxxbridge1$str$ptr + 1894884
19  libsystem_pthread.dylib             0x000000018e9aef94 _pthread_start + 136
20  libsystem_pthread.dylib             0x000000018e9a9d34 thread_start + 8

2024-09-15 23:48:46,269 - __main__ - INFO - Updating game data in UI thread...
2024-09-15 23:48:46,269 - __main__ - INFO - Updating marked games UI in UI thread...
2024-09-15 23:48:49,906 - __main__ - INFO - Updating game data in UI thread...
2024-09-15 23:48:49,906 - __main__ - INFO - Updating marked games UI in UI thread...
2024-09-15 23:48:53,425 - __main__ - INFO - Updating game data in UI thread...
2024-09-15 23:48:53,425 - __main__ - INFO - Updating marked games UI in UI thread...
2024-09-15 23:48:56,982 - __main__ - INFO - Updating game data in UI thread...
2024-09-15 23:48:56,982 - __main__ - INFO - Updating marked games UI in UI thread...
2024-09-15 23:49:00,427 - __main__ - INFO - Updating game data in UI thread...
2024-09-15 23:49:00,428 - __main__ - INFO - Updating marked games UI in UI thread...
2024-09-15 23:49:03,901 - __main__ - INFO - Updating game data in UI thread...
2024-09-15 23:49:03,901 - __main__ - INFO - Updating marked games UI in UI thread...
2024-09-15 23:49:06,971 - __main__ - WARNING - Exception on collect_game_info for game at index 0 in league ארצות הברית ליגה ראשונה כדורסל נשים ארה"ב. Retrying...
2024-09-15 23:49:08,328 - __main__ - INFO - Updating game data in UI thread...
2024-09-15 23:49:08,328 - __main__ - INFO - Updating marked games UI in UI thread...
2024-09-15 23:49:11,379 - __main__ - WARNING - Exception on collect_game_info for game at index 0 in league ארצות הברית ליגה ראשונה כדורסל נשים ארה"ב. Retrying...
2024-09-15 23:49:12,655 - __main__ - WARNING - Error finding total table: Message: stale element reference: stale element not found in the current frame
  (Session info: chrome=128.0.6613.138); For documentation on this error, please visit: https://www.selenium.dev/documentation/webdriver/troubleshooting/errors#stale-element-reference-exception
Stacktrace:
0   chromedriver                        0x0000000102565208 cxxbridge1$str$ptr + 1927396
1   chromedriver                        0x000000010255d66c cxxbridge1$str$ptr + 1895752
2   chromedriver                        0x0000000102158808 cxxbridge1$string$len + 89564
3   chromedriver                        0x000000010215d8b8 cxxbridge1$string$len + 110220
4   chromedriver                        0x000000010215f030 cxxbridge1$string$len + 116228
5   chromedriver                        0x000000010215f0a8 cxxbridge1$string$len + 116348
6   chromedriver                        0x000000010219c93c cxxbridge1$string$len + 368400
7   chromedriver                        0x0000000102193064 cxxbridge1$string$len + 329272
8   chromedriver                        0x00000001021d6228 cxxbridge1$string$len + 604156
9   chromedriver                        0x0000000102191698 cxxbridge1$string$len + 322668
10  chromedriver                        0x0000000102192310 cxxbridge1$string$len + 325860
11  chromedriver                        0x000000010252be78 cxxbridge1$str$ptr + 1693012
12  chromedriver                        0x000000010253077c cxxbridge1$str$ptr + 1711704
13  chromedriver                        0x00000001025113ec cxxbridge1$str$ptr + 1583816
14  chromedriver                        0x000000010253104c cxxbridge1$str$ptr + 1713960
15  chromedriver                        0x0000000102501fc8 cxxbridge1$str$ptr + 1521316
16  chromedriver                        0x000000010254eb68 cxxbridge1$str$ptr + 1835588
17  chromedriver                        0x000000010254ece4 cxxbridge1$str$ptr + 1835968
18  chromedriver                        0x000000010255d308 cxxbridge1$str$ptr + 1894884
19  libsystem_pthread.dylib             0x000000018e9aef94 _pthread_start + 136
20  libsystem_pthread.dylib             0x000000018e9a9d34 thread_start + 8

2024-09-15 23:49:12,795 - __main__ - INFO - Updating game data in UI thread...
2024-09-15 23:49:12,796 - __main__ - INFO - Updating marked games UI in UI thread...
2024-09-15 23:49:16,413 - __main__ - INFO - Updating game data in UI thread...
2024-09-15 23:49:16,414 - __main__ - INFO - Updating marked games UI in UI thread...
2024-09-15 23:49:19,472 - __main__ - WARNING - Exception on collect_game_info for game at index 0 in league ארצות הברית ליגה ראשונה כדורסל נשים ארה"ב. Retrying...
2024-09-15 23:49:20,841 - __main__ - INFO - Updating game data in UI thread...
2024-09-15 23:49:20,842 - __main__ - INFO - Updating marked games UI in UI thread...
2024-09-15 23:49:23,912 - __main__ - WARNING - Exception on collect_game_info for game at index 0 in league ארצות הברית ליגה ראשונה כדורסל נשים ארה"ב. Retrying...
2024-09-15 23:49:25,283 - __main__ - INFO - Updating game data in UI thread...
2024-09-15 23:49:25,283 - __main__ - INFO - Updating marked games UI in UI thread...
2024-09-15 23:49:28,969 - __main__ - INFO - Updating game data in UI thread...
2024-09-15 23:49:28,969 - __main__ - INFO - Updating marked games UI in UI thread...
2024-09-15 23:49:32,346 - __main__ - WARNING - Error finding total table: Message: stale element reference: stale element not found in the current frame
  (Session info: chrome=128.0.6613.138); For documentation on this error, please visit: https://www.selenium.dev/documentation/webdriver/troubleshooting/errors#stale-element-reference-exception
Stacktrace:
0   chromedriver                        0x0000000102565208 cxxbridge1$str$ptr + 1927396
1   chromedriver                        0x000000010255d66c cxxbridge1$str$ptr + 1895752
2   chromedriver                        0x0000000102158808 cxxbridge1$string$len + 89564
3   chromedriver                        0x000000010215d8b8 cxxbridge1$string$len + 110220
4   chromedriver                        0x000000010215f030 cxxbridge1$string$len + 116228
5   chromedriver                        0x000000010215f0a8 cxxbridge1$string$len + 116348
6   chromedriver                        0x000000010219c93c cxxbridge1$string$len + 368400
7   chromedriver                        0x0000000102193064 cxxbridge1$string$len + 329272
8   chromedriver                        0x00000001021d6228 cxxbridge1$string$len + 604156
9   chromedriver                        0x0000000102191698 cxxbridge1$string$len + 322668
10  chromedriver                        0x0000000102192310 cxxbridge1$string$len + 325860
11  chromedriver                        0x000000010252be78 cxxbridge1$str$ptr + 1693012
12  chromedriver                        0x000000010253077c cxxbridge1$str$ptr + 1711704
13  chromedriver                        0x00000001025113ec cxxbridge1$str$ptr + 1583816
14  chromedriver                        0x000000010253104c cxxbridge1$str$ptr + 1713960
15  chromedriver                        0x0000000102501fc8 cxxbridge1$str$ptr + 1521316
16  chromedriver                        0x000000010254eb68 cxxbridge1$str$ptr + 1835588
17  chromedriver                        0x000000010254ece4 cxxbridge1$str$ptr + 1835968
18  chromedriver                        0x000000010255d308 cxxbridge1$str$ptr + 1894884
19  libsystem_pthread.dylib             0x000000018e9aef94 _pthread_start + 136
20  libsystem_pthread.dylib             0x000000018e9a9d34 thread_start + 8

2024-09-15 23:49:32,474 - __main__ - INFO - Updating game data in UI thread...
2024-09-15 23:49:32,474 - __main__ - INFO - Updating marked games UI in UI thread...
2024-09-15 23:49:36,115 - __main__ - INFO - Updating game data in UI thread...
2024-09-15 23:49:36,115 - __main__ - INFO - Updating marked games UI in UI thread...
2024-09-15 23:49:39,168 - __main__ - WARNING - Exception on collect_game_info for game at index 0 in league ארצות הברית ליגה ראשונה כדורסל נשים ארה"ב. Retrying...
2024-09-15 23:49:40,653 - __main__ - INFO - Updating game data in UI thread...
2024-09-15 23:49:40,654 - __main__ - INFO - Updating marked games UI in UI thread...
2024-09-15 23:49:43,710 - __main__ - WARNING - Exception on collect_game_info for game at index 0 in league ארצות הברית ליגה ראשונה כדורסל נשים ארה"ב. Retrying...
2024-09-15 23:49:44,995 - __main__ - WARNING - Error finding total table: Message: stale element reference: stale element not found in the current frame
  (Session info: chrome=128.0.6613.138); For documentation on this error, please visit: https://www.selenium.dev/documentation/webdriver/troubleshooting/errors#stale-element-reference-exception
Stacktrace:
0   chromedriver                        0x0000000102565208 cxxbridge1$str$ptr + 1927396
1   chromedriver                        0x000000010255d66c cxxbridge1$str$ptr + 1895752
2   chromedriver                        0x0000000102158808 cxxbridge1$string$len + 89564
3   chromedriver                        0x000000010215d8b8 cxxbridge1$string$len + 110220
4   chromedriver                        0x000000010215f030 cxxbridge1$string$len + 116228
5   chromedriver                        0x000000010215f0a8 cxxbridge1$string$len + 116348
6   chromedriver                        0x000000010219c93c cxxbridge1$string$len + 368400
7   chromedriver                        0x0000000102193064 cxxbridge1$string$len + 329272
8   chromedriver                        0x00000001021d6228 cxxbridge1$string$len + 604156
9   chromedriver                        0x0000000102191698 cxxbridge1$string$len + 322668
10  chromedriver                        0x0000000102192310 cxxbridge1$string$len + 325860
11  chromedriver                        0x000000010252be78 cxxbridge1$str$ptr + 1693012
12  chromedriver                        0x000000010253077c cxxbridge1$str$ptr + 1711704
13  chromedriver                        0x00000001025113ec cxxbridge1$str$ptr + 1583816
14  chromedriver                        0x000000010253104c cxxbridge1$str$ptr + 1713960
15  chromedriver                        0x0000000102501fc8 cxxbridge1$str$ptr + 1521316
16  chromedriver                        0x000000010254eb68 cxxbridge1$str$ptr + 1835588
17  chromedriver                        0x000000010254ece4 cxxbridge1$str$ptr + 1835968
18  chromedriver                        0x000000010255d308 cxxbridge1$str$ptr + 1894884
19  libsystem_pthread.dylib             0x000000018e9aef94 _pthread_start + 136
20  libsystem_pthread.dylib             0x000000018e9a9d34 thread_start + 8

2024-09-15 23:49:45,106 - __main__ - INFO - Updating game data in UI thread...
2024-09-15 23:49:45,106 - __main__ - INFO - Updating marked games UI in UI thread...
2024-09-15 23:49:48,118 - __main__ - ERROR - Unexpected error during play method: HTTPConnectionPool(host='localhost', port=56214): Max retries exceeded with url: /session/fe43b85846c5210fa52d7bc943698a23/url (Caused by NewConnectionError('<urllib3.connection.HTTPConnection object at 0x132662380>: Failed to establish a new connection: [Errno 61] Connection refused'))
2024-09-15 23:50:30,208 - __main__ - INFO - Configurations loaded successfully:
2024-09-15 23:50:31,903 - __main__ - INFO - Connection to db succeeded.
2024-09-15 23:50:32,062 - __main__ - INFO - Access granted to program. Launching the application...
2024-09-15 23:50:33,805 - __main__ - INFO - Initializing Main game window...
2024-09-15 23:50:33,811 - __main__ - ERROR - Failed to initialize game window UI on init_ui. Error: 'QTreeWidget' object has no attribute 'setAlignment'
2024-09-15 23:50:56,590 - __main__ - INFO - Configurations loaded successfully:
2024-09-15 23:50:58,267 - __main__ - INFO - Connection to db succeeded.
2024-09-15 23:50:58,434 - __main__ - INFO - Access granted to program. Launching the application...
2024-09-15 23:51:16,556 - __main__ - INFO - Window is closing
2024-09-15 23:51:19,820 - __main__ - INFO - Configurations loaded successfully:
2024-09-15 23:51:21,428 - __main__ - INFO - Connection to db succeeded.
2024-09-15 23:51:21,599 - __main__ - INFO - Access granted to program. Launching the application...
2024-09-15 23:51:24,092 - __main__ - INFO - Initializing Main game window...
2024-09-15 23:51:24,123 - __main__ - INFO - Main game window initialized successfully!
2024-09-15 23:51:24,304 - __main__ - INFO - Access granted to program. Launching the application...
2024-09-15 23:51:24,305 - __main__ - INFO - Initializing the game manager...
2024-09-15 23:51:25,640 - __main__ - INFO - Chrome WebDriver successfully launched.
2024-09-15 23:51:25,641 - __main__ - INFO - Logging in to the site...
2024-09-15 23:51:25,643 - __main__ - INFO - Starting game monitoring...
2024-09-15 23:51:26,054 - __main__ - WARNING - URL does not contain '/sportsbook/live/events'. Attempting to navigate to the correct page...
2024-09-15 23:51:26,174 - __main__ - INFO - Already on the correct page.
2024-09-15 23:51:34,259 - __main__ - WARNING - URL does not contain '/sportsbook/live/events'. Attempting to navigate to the correct page...
2024-09-15 23:51:35,323 - __main__ - INFO - Successfully navigated to the correct page.
2024-09-15 23:51:35,324 - __main__ - INFO - The game manager was initialized successfully...
2024-09-15 23:51:35,325 - __main__ - INFO - Updating game data in UI thread...
2024-09-15 23:51:35,325 - __main__ - INFO - Updating marked games UI in UI thread...
2024-09-15 23:51:36,161 - __main__ - WARNING - Exception on collect_game_info for game at index 0 in league הרפובליקה הדומיניקנית Torneo Baloncesto Superior Del Distrito Nacional. Retrying...
2024-09-15 23:51:37,284 - __main__ - INFO - Updating game data in UI thread...
2024-09-15 23:51:37,284 - __main__ - INFO - Updating marked games UI in UI thread...
2024-09-15 23:51:40,775 - __main__ - INFO - Updating game data in UI thread...
2024-09-15 23:51:40,776 - __main__ - INFO - Updating marked games UI in UI thread...
2024-09-15 23:51:43,918 - __main__ - WARNING - Exception on collect_game_info for game at index 0 in league ארצות הברית ליגה ראשונה כדורסל נשים ארה"ב. Retrying...
2024-09-15 23:51:46,488 - __main__ - INFO - Configurations loaded successfully:
2024-09-15 23:51:48,106 - __main__ - INFO - Connection to db succeeded.
2024-09-15 23:51:48,270 - __main__ - INFO - Access granted to program. Launching the application...
2024-09-15 23:51:49,762 - __main__ - INFO - Initializing Main game window...
2024-09-15 23:51:49,791 - __main__ - INFO - Main game window initialized successfully!
2024-09-15 23:51:49,978 - __main__ - INFO - Access granted to program. Launching the application...
2024-09-15 23:51:49,979 - __main__ - INFO - Initializing the game manager...
2024-09-15 23:51:51,227 - __main__ - INFO - Chrome WebDriver successfully launched.
2024-09-15 23:51:51,227 - __main__ - INFO - Logging in to the site...
2024-09-15 23:51:51,229 - __main__ - INFO - Starting game monitoring...
2024-09-15 23:51:51,486 - __main__ - WARNING - URL does not contain '/sportsbook/live/events'. Attempting to navigate to the correct page...
2024-09-15 23:51:51,500 - __main__ - INFO - Already on the correct page.
2024-09-15 23:52:00,738 - __main__ - WARNING - URL does not contain '/sportsbook/live/events'. Attempting to navigate to the correct page...
2024-09-15 23:52:01,818 - __main__ - INFO - Successfully navigated to the correct page.
2024-09-15 23:52:01,822 - __main__ - INFO - The game manager was initialized successfully...
2024-09-15 23:52:01,824 - __main__ - INFO - Updating game data in UI thread...
2024-09-15 23:52:01,826 - __main__ - INFO - Updating marked games UI in UI thread...
2024-09-15 23:52:02,590 - __main__ - WARNING - Exception on collect_game_info for game at index 0 in league הרפובליקה הדומיניקנית Torneo Baloncesto Superior Del Distrito Nacional. Retrying...
2024-09-15 23:52:03,663 - __main__ - INFO - Updating game data in UI thread...
2024-09-15 23:52:03,663 - __main__ - INFO - Updating marked games UI in UI thread...
2024-09-15 23:52:06,716 - __main__ - WARNING - Exception on collect_game_info for game at index 0 in league ארצות הברית ליגה ראשונה כדורסל נשים ארה"ב. Retrying...
2024-09-15 23:52:08,056 - __main__ - INFO - Updating game data in UI thread...
2024-09-15 23:52:08,056 - __main__ - INFO - Updating marked games UI in UI thread...
2024-09-15 23:52:11,117 - __main__ - WARNING - Exception on collect_game_info for game at index 0 in league ארצות הברית ליגה ראשונה כדורסל נשים ארה"ב. Retrying...
2024-09-15 23:52:12,462 - __main__ - INFO - Updating game data in UI thread...
2024-09-15 23:52:12,462 - __main__ - INFO - Updating marked games UI in UI thread...
2024-09-15 23:52:15,524 - __main__ - WARNING - Exception on collect_game_info for game at index 0 in league ארצות הברית ליגה ראשונה כדורסל נשים ארה"ב. Retrying...
2024-09-15 23:52:16,881 - __main__ - INFO - Updating game data in UI thread...
2024-09-15 23:52:16,882 - __main__ - INFO - Updating marked games UI in UI thread...
2024-09-15 23:52:19,944 - __main__ - WARNING - Exception on collect_game_info for game at index 0 in league ארצות הברית ליגה ראשונה כדורסל נשים ארה"ב. Retrying...
2024-09-15 23:52:21,250 - __main__ - INFO - Updating game data in UI thread...
2024-09-15 23:52:21,250 - __main__ - INFO - Updating marked games UI in UI thread...
2024-09-15 23:52:24,304 - __main__ - WARNING - Exception on collect_game_info for game at index 0 in league ארצות הברית ליגה ראשונה כדורסל נשים ארה"ב. Retrying...
2024-09-15 23:52:25,670 - __main__ - INFO - Updating game data in UI thread...
2024-09-15 23:52:25,670 - __main__ - INFO - Updating marked games UI in UI thread...
2024-09-15 23:52:28,725 - __main__ - WARNING - Exception on collect_game_info for game at index 0 in league ארצות הברית ליגה ראשונה כדורסל נשים ארה"ב. Retrying...
2024-09-15 23:52:30,107 - __main__ - INFO - Updating game data in UI thread...
2024-09-15 23:52:30,107 - __main__ - INFO - Updating marked games UI in UI thread...
2024-09-15 23:52:33,116 - __main__ - ERROR - Unexpected error during play method: HTTPConnectionPool(host='localhost', port=56380): Max retries exceeded with url: /session/4ddf54c5a362bf9fb07839162e795ab4/url (Caused by NewConnectionError('<urllib3.connection.HTTPConnection object at 0x10c0233a0>: Failed to establish a new connection: [Errno 61] Connection refused'))
2024-09-15 23:52:35,059 - __main__ - INFO - Configurations loaded successfully:
2024-09-15 23:52:36,652 - __main__ - INFO - Connection to db succeeded.
2024-09-15 23:52:36,813 - __main__ - INFO - Access granted to program. Launching the application...
2024-09-15 23:52:38,044 - __main__ - INFO - Initializing Main game window...
2024-09-15 23:52:38,075 - __main__ - INFO - Main game window initialized successfully!
2024-09-15 23:52:38,259 - __main__ - INFO - Access granted to program. Launching the application...
2024-09-15 23:52:38,259 - __main__ - INFO - Initializing the game manager...
2024-09-15 23:52:39,529 - __main__ - INFO - Chrome WebDriver successfully launched.
2024-09-15 23:52:39,532 - __main__ - INFO - Logging in to the site...
2024-09-15 23:52:39,533 - __main__ - INFO - Starting game monitoring...
2024-09-15 23:52:40,338 - __main__ - WARNING - URL does not contain '/sportsbook/live/events'. Attempting to navigate to the correct page...
2024-09-15 23:52:40,353 - __main__ - INFO - Already on the correct page.
2024-09-15 23:52:49,409 - __main__ - WARNING - URL does not contain '/sportsbook/live/events'. Attempting to navigate to the correct page...
2024-09-15 23:52:50,485 - __main__ - INFO - Successfully navigated to the correct page.
2024-09-15 23:52:50,487 - __main__ - INFO - The game manager was initialized successfully...
2024-09-15 23:52:50,489 - __main__ - INFO - Updating game data in UI thread...
2024-09-15 23:52:50,490 - __main__ - INFO - Updating marked games UI in UI thread...
2024-09-15 23:52:51,350 - __main__ - WARNING - Exception on collect_game_info for game at index 0 in league הרפובליקה הדומיניקנית Torneo Baloncesto Superior Del Distrito Nacional. Retrying...
2024-09-15 23:52:52,427 - __main__ - INFO - Updating game data in UI thread...
2024-09-15 23:52:52,427 - __main__ - INFO - Updating marked games UI in UI thread...
2024-09-15 23:52:55,837 - __main__ - INFO - Updating game data in UI thread...
2024-09-15 23:52:55,837 - __main__ - INFO - Updating marked games UI in UI thread...
2024-09-15 23:52:59,295 - __main__ - INFO - Updating game data in UI thread...
2024-09-15 23:52:59,295 - __main__ - INFO - Updating marked games UI in UI thread...
2024-09-15 23:53:02,791 - __main__ - INFO - Updating game data in UI thread...
2024-09-15 23:53:02,792 - __main__ - INFO - Updating marked games UI in UI thread...
2024-09-15 23:53:06,241 - __main__ - INFO - Updating game data in UI thread...
2024-09-15 23:53:06,241 - __main__ - INFO - Updating marked games UI in UI thread...
2024-09-15 23:53:09,646 - __main__ - INFO - Updating game data in UI thread...
2024-09-15 23:53:09,646 - __main__ - INFO - Updating marked games UI in UI thread...
2024-09-15 23:53:13,041 - __main__ - INFO - Updating game data in UI thread...
2024-09-15 23:53:13,041 - __main__ - INFO - Updating marked games UI in UI thread...
2024-09-15 23:53:16,446 - __main__ - INFO - Updating game data in UI thread...
2024-09-15 23:53:16,446 - __main__ - INFO - Updating marked games UI in UI thread...
2024-09-15 23:53:19,886 - __main__ - INFO - Updating game data in UI thread...
2024-09-15 23:53:19,887 - __main__ - INFO - Updating marked games UI in UI thread...
2024-09-15 23:53:23,300 - __main__ - INFO - Updating game data in UI thread...
2024-09-15 23:53:23,300 - __main__ - INFO - Updating marked games UI in UI thread...
2024-09-15 23:53:26,350 - __main__ - WARNING - Exception on collect_game_info for game at index 0 in league ארצות הברית ליגה ראשונה כדורסל נשים ארה"ב. Retrying...
2024-09-15 23:53:27,682 - __main__ - INFO - Updating game data in UI thread...
2024-09-15 23:53:27,682 - __main__ - INFO - Updating marked games UI in UI thread...
2024-09-15 23:53:30,737 - __main__ - WARNING - Exception on collect_game_info for game at index 0 in league ארצות הברית ליגה ראשונה כדורסל נשים ארה"ב. Retrying...
2024-09-15 23:53:32,050 - __main__ - INFO - Updating game data in UI thread...
2024-09-15 23:53:32,050 - __main__ - INFO - Updating marked games UI in UI thread...
2024-09-15 23:53:35,448 - __main__ - INFO - Updating game data in UI thread...
2024-09-15 23:53:35,448 - __main__ - INFO - Updating marked games UI in UI thread...
2024-09-15 23:53:38,872 - __main__ - INFO - Updating game data in UI thread...
2024-09-15 23:53:38,872 - __main__ - INFO - Updating marked games UI in UI thread...
2024-09-15 23:53:42,270 - __main__ - INFO - Updating game data in UI thread...
2024-09-15 23:53:42,270 - __main__ - INFO - Updating marked games UI in UI thread...
2024-09-15 23:53:45,323 - __main__ - WARNING - Exception on collect_game_info for game at index 0 in league ארצות הברית ליגה ראשונה כדורסל נשים ארה"ב. Retrying...
2024-09-15 23:53:46,648 - __main__ - INFO - Updating game data in UI thread...
2024-09-15 23:53:46,649 - __main__ - INFO - Updating marked games UI in UI thread...
2024-09-15 23:53:50,121 - __main__ - INFO - Updating game data in UI thread...
2024-09-15 23:53:50,122 - __main__ - INFO - Updating marked games UI in UI thread...
2024-09-15 23:53:53,176 - __main__ - WARNING - Exception on collect_game_info for game at index 0 in league ארצות הברית ליגה ראשונה כדורסל נשים ארה"ב. Retrying...
2024-09-15 23:53:54,568 - __main__ - INFO - Updating game data in UI thread...
2024-09-15 23:53:54,568 - __main__ - INFO - Updating marked games UI in UI thread...
2024-09-15 23:53:57,620 - __main__ - WARNING - Exception on collect_game_info for game at index 0 in league ארצות הברית ליגה ראשונה כדורסל נשים ארה"ב. Retrying...
2024-09-15 23:53:58,981 - __main__ - INFO - Updating game data in UI thread...
2024-09-15 23:53:58,981 - __main__ - INFO - Updating marked games UI in UI thread...
2024-09-15 23:54:02,039 - __main__ - WARNING - Exception on collect_game_info for game at index 0 in league ארצות הברית ליגה ראשונה כדורסל נשים ארה"ב. Retrying...
2024-09-15 23:54:03,415 - __main__ - INFO - Updating game data in UI thread...
2024-09-15 23:54:03,415 - __main__ - INFO - Updating marked games UI in UI thread...
2024-09-15 23:54:06,859 - __main__ - INFO - Updating game data in UI thread...
2024-09-15 23:54:06,859 - __main__ - INFO - Updating marked games UI in UI thread...
2024-09-15 23:54:10,295 - __main__ - INFO - Updating game data in UI thread...
2024-09-15 23:54:10,296 - __main__ - INFO - Updating marked games UI in UI thread...
2024-09-15 23:54:13,361 - __main__ - WARNING - Exception on collect_game_info for game at index 0 in league ארצות הברית ליגה ראשונה כדורסל נשים ארה"ב. Retrying...
2024-09-15 23:54:14,732 - __main__ - INFO - Updating game data in UI thread...
2024-09-15 23:54:14,732 - __main__ - INFO - Updating marked games UI in UI thread...
2024-09-15 23:54:17,788 - __main__ - WARNING - Exception on collect_game_info for game at index 0 in league ארצות הברית ליגה ראשונה כדורסל נשים ארה"ב. Retrying...
2024-09-15 23:54:19,181 - __main__ - INFO - Updating game data in UI thread...
2024-09-15 23:54:19,182 - __main__ - INFO - Updating marked games UI in UI thread...
2024-09-15 23:54:22,660 - __main__ - INFO - Updating game data in UI thread...
2024-09-15 23:54:22,660 - __main__ - INFO - Updating marked games UI in UI thread...
2024-09-15 23:54:26,145 - __main__ - INFO - Updating game data in UI thread...
2024-09-15 23:54:26,146 - __main__ - INFO - Updating marked games UI in UI thread...
2024-09-15 23:54:29,204 - __main__ - WARNING - Exception on collect_game_info for game at index 0 in league ארצות הברית ליגה ראשונה כדורסל נשים ארה"ב. Retrying...
2024-09-15 23:54:30,620 - __main__ - INFO - Updating game data in UI thread...
2024-09-15 23:54:30,620 - __main__ - INFO - Updating marked games UI in UI thread...
2024-09-15 23:54:33,682 - __main__ - WARNING - Exception on collect_game_info for game at index 0 in league ארצות הברית ליגה ראשונה כדורסל נשים ארה"ב. Retrying...
2024-09-15 23:54:35,038 - __main__ - INFO - Updating game data in UI thread...
2024-09-15 23:54:35,039 - __main__ - INFO - Updating marked games UI in UI thread...
2024-09-15 23:54:38,603 - __main__ - INFO - Updating game data in UI thread...
2024-09-15 23:54:38,603 - __main__ - INFO - Updating marked games UI in UI thread...
2024-09-15 23:54:41,657 - __main__ - WARNING - Exception on collect_game_info for game at index 0 in league ארצות הברית ליגה ראשונה כדורסל נשים ארה"ב. Retrying...
2024-09-15 23:54:43,070 - __main__ - INFO - Updating game data in UI thread...
2024-09-15 23:54:43,070 - __main__ - INFO - Updating marked games UI in UI thread...
2024-09-15 23:54:46,124 - __main__ - WARNING - Exception on collect_game_info for game at index 0 in league ארצות הברית ליגה ראשונה כדורסל נשים ארה"ב. Retrying...
2024-09-15 23:54:47,559 - __main__ - INFO - Updating game data in UI thread...
2024-09-15 23:54:47,560 - __main__ - INFO - Updating marked games UI in UI thread...
2024-09-15 23:54:50,765 - __main__ - INFO - Configurations loaded successfully:
2024-09-15 23:54:52,396 - __main__ - INFO - Connection to db succeeded.
2024-09-15 23:54:52,558 - __main__ - INFO - Access granted to program. Launching the application...
2024-09-15 23:55:14,086 - __main__ - INFO - Configurations loaded successfully:
2024-09-15 23:55:15,722 - __main__ - INFO - Connection to db succeeded.
2024-09-15 23:55:15,882 - __main__ - INFO - Access granted to program. Launching the application...
2024-09-15 23:55:17,396 - __main__ - INFO - Initializing Main game window...
2024-09-15 23:55:17,398 - __main__ - ERROR - Failed to initialize game window UI on init_ui. Error: 'QTreeWidget' object has no attribute 'addWidget'
2024-09-15 23:56:43,523 - __main__ - INFO - Configurations loaded successfully:
2024-09-15 23:56:45,191 - __main__ - INFO - Connection to db succeeded.
2024-09-15 23:56:45,350 - __main__ - INFO - Access granted to program. Launching the application...
2024-09-15 23:56:46,305 - __main__ - INFO - Initializing Main game window...
2024-09-15 23:56:46,336 - __main__ - INFO - Main game window initialized successfully!
2024-09-15 23:56:46,514 - __main__ - INFO - Access granted to program. Launching the application...
2024-09-15 23:56:46,514 - __main__ - INFO - Initializing the game manager...
2024-09-15 23:56:47,827 - __main__ - INFO - Chrome WebDriver successfully launched.
2024-09-15 23:56:47,829 - __main__ - INFO - Logging in to the site...
2024-09-15 23:56:47,829 - __main__ - INFO - Starting game monitoring...
2024-09-15 23:56:48,664 - __main__ - WARNING - URL does not contain '/sportsbook/live/events'. Attempting to navigate to the correct page...
2024-09-15 23:56:48,680 - __main__ - INFO - Already on the correct page.
2024-09-15 23:56:56,792 - __main__ - WARNING - URL does not contain '/sportsbook/live/events'. Attempting to navigate to the correct page...
2024-09-15 23:56:57,858 - __main__ - INFO - Successfully navigated to the correct page.
2024-09-15 23:56:57,861 - __main__ - INFO - The game manager was initialized successfully...
2024-09-15 23:56:57,862 - __main__ - INFO - Updating game data in UI thread...
2024-09-15 23:56:57,865 - __main__ - INFO - Updating marked games UI in UI thread...
2024-09-15 23:56:58,656 - __main__ - WARNING - Exception on collect_game_info for game at index 0 in league הרפובליקה הדומיניקנית Torneo Baloncesto Superior Del Distrito Nacional. Retrying...
2024-09-15 23:56:59,727 - __main__ - INFO - Updating game data in UI thread...
2024-09-15 23:56:59,727 - __main__ - INFO - Updating marked games UI in UI thread...
2024-09-15 23:57:02,779 - __main__ - WARNING - Exception on collect_game_info for game at index 0 in league ארצות הברית ליגה ראשונה כדורסל נשים ארה"ב. Retrying...
2024-09-15 23:57:04,125 - __main__ - INFO - Updating game data in UI thread...
2024-09-15 23:57:04,125 - __main__ - INFO - Updating marked games UI in UI thread...
2024-09-15 23:57:07,176 - __main__ - WARNING - Exception on collect_game_info for game at index 0 in league ארצות הברית ליגה ראשונה כדורסל נשים ארה"ב. Retrying...
2024-09-15 23:57:08,489 - __main__ - INFO - Updating game data in UI thread...
2024-09-15 23:57:08,489 - __main__ - INFO - Updating marked games UI in UI thread...
2024-09-15 23:57:11,538 - __main__ - WARNING - Exception on collect_game_info for game at index 0 in league ארצות הברית ליגה ראשונה כדורסל נשים ארה"ב. Retrying...
2024-09-15 23:57:12,852 - __main__ - INFO - Updating game data in UI thread...
2024-09-15 23:57:12,852 - __main__ - INFO - Updating marked games UI in UI thread...
2024-09-15 23:57:16,244 - __main__ - INFO - Updating game data in UI thread...
2024-09-15 23:57:16,244 - __main__ - INFO - Updating marked games UI in UI thread...
2024-09-15 23:57:19,618 - __main__ - INFO - Updating game data in UI thread...
2024-09-15 23:57:19,618 - __main__ - INFO - Updating marked games UI in UI thread...
2024-09-15 23:57:23,001 - __main__ - INFO - Updating game data in UI thread...
2024-09-15 23:57:23,001 - __main__ - INFO - Updating marked games UI in UI thread...
2024-09-15 23:57:26,399 - __main__ - INFO - Updating game data in UI thread...
2024-09-15 23:57:26,400 - __main__ - INFO - Updating marked games UI in UI thread...
2024-09-15 23:57:29,839 - __main__ - INFO - Updating game data in UI thread...
2024-09-15 23:57:29,840 - __main__ - INFO - Updating marked games UI in UI thread...
2024-09-15 23:57:33,283 - __main__ - INFO - Updating game data in UI thread...
2024-09-15 23:57:33,283 - __main__ - INFO - Updating marked games UI in UI thread...
2024-09-15 23:57:36,341 - __main__ - WARNING - Exception on collect_game_info for game at index 0 in league ארצות הברית ליגה ראשונה כדורסל נשים ארה"ב. Retrying...
2024-09-15 23:57:37,710 - __main__ - INFO - Updating game data in UI thread...
2024-09-15 23:57:37,710 - __main__ - INFO - Updating marked games UI in UI thread...
2024-09-15 23:57:40,768 - __main__ - WARNING - Exception on collect_game_info for game at index 0 in league ארצות הברית ליגה ראשונה כדורסל נשים ארה"ב. Retrying...
2024-09-15 23:57:42,236 - __main__ - INFO - Updating game data in UI thread...
2024-09-15 23:57:42,236 - __main__ - INFO - Updating marked games UI in UI thread...
2024-09-15 23:57:45,742 - __main__ - INFO - Updating game data in UI thread...
2024-09-15 23:57:45,742 - __main__ - INFO - Updating marked games UI in UI thread...
2024-09-15 23:57:49,152 - __main__ - INFO - Updating game data in UI thread...
2024-09-15 23:57:49,152 - __main__ - INFO - Updating marked games UI in UI thread...
2024-09-15 23:57:51,737 - __main__ - INFO - Configurations loaded successfully:
2024-09-15 23:57:53,310 - __main__ - INFO - Connection to db succeeded.
2024-09-15 23:57:53,468 - __main__ - INFO - Access granted to program. Launching the application...
2024-09-15 23:57:54,605 - __main__ - INFO - Initializing Main game window...
2024-09-15 23:57:54,606 - __main__ - ERROR - Failed to initialize game window UI on init_ui. Error: 'NoneType' object has no attribute 'setStyleSheet'
2024-09-15 23:58:00,821 - __main__ - INFO - Configurations loaded successfully:
2024-09-15 23:58:02,451 - __main__ - INFO - Connection to db succeeded.
2024-09-15 23:58:02,609 - __main__ - INFO - Access granted to program. Launching the application...
2024-09-15 23:58:07,692 - __main__ - INFO - Initializing Main game window...
2024-09-15 23:58:07,693 - __main__ - ERROR - Failed to initialize game window UI on init_ui. Error: 'NoneType' object has no attribute 'setStyleSheet'
2024-09-15 23:58:51,895 - __main__ - INFO - Configurations loaded successfully:
2024-09-15 23:58:53,488 - __main__ - INFO - Connection to db succeeded.
2024-09-15 23:58:53,649 - __main__ - INFO - Access granted to program. Launching the application...
2024-09-15 23:58:54,714 - __main__ - INFO - Initializing Main game window...
2024-09-15 23:58:54,745 - __main__ - INFO - Main game window initialized successfully!
2024-09-15 23:58:54,930 - __main__ - INFO - Access granted to program. Launching the application...
2024-09-15 23:58:54,931 - __main__ - INFO - Initializing the game manager...
2024-09-15 23:58:56,258 - __main__ - INFO - Chrome WebDriver successfully launched.
2024-09-15 23:58:56,259 - __main__ - INFO - Logging in to the site...
2024-09-15 23:58:56,259 - __main__ - INFO - Starting game monitoring...
2024-09-15 23:58:56,540 - __main__ - WARNING - URL does not contain '/sportsbook/live/events'. Attempting to navigate to the correct page...
2024-09-15 23:58:56,555 - __main__ - INFO - Already on the correct page.
2024-09-15 23:59:05,820 - __main__ - WARNING - URL does not contain '/sportsbook/live/events'. Attempting to navigate to the correct page...
2024-09-15 23:59:06,890 - __main__ - INFO - Successfully navigated to the correct page.
2024-09-15 23:59:06,890 - __main__ - INFO - The game manager was initialized successfully...
2024-09-15 23:59:06,892 - __main__ - INFO - Updating game data in UI thread...
2024-09-15 23:59:06,894 - __main__ - INFO - Updating marked games UI in UI thread...
2024-09-15 23:59:07,706 - __main__ - WARNING - Exception on collect_game_info for game at index 0 in league הרפובליקה הדומיניקנית Torneo Baloncesto Superior Del Distrito Nacional. Retrying...
2024-09-15 23:59:08,788 - __main__ - INFO - Updating game data in UI thread...
2024-09-15 23:59:08,789 - __main__ - INFO - Updating marked games UI in UI thread...
2024-09-15 23:59:12,221 - __main__ - INFO - Updating game data in UI thread...
2024-09-15 23:59:12,221 - __main__ - INFO - Updating marked games UI in UI thread...
2024-09-15 23:59:15,273 - __main__ - WARNING - Exception on collect_game_info for game at index 0 in league ארצות הברית ליגה ראשונה כדורסל נשים ארה"ב. Retrying...
2024-09-15 23:59:16,652 - __main__ - INFO - Updating game data in UI thread...
2024-09-15 23:59:16,652 - __main__ - INFO - Updating marked games UI in UI thread...
2024-09-15 23:59:19,703 - __main__ - WARNING - Exception on collect_game_info for game at index 0 in league ארצות הברית ליגה ראשונה כדורסל נשים ארה"ב. Retrying...
2024-09-15 23:59:21,039 - __main__ - INFO - Updating game data in UI thread...
2024-09-15 23:59:21,039 - __main__ - INFO - Updating marked games UI in UI thread...
2024-09-15 23:59:24,439 - __main__ - INFO - Updating game data in UI thread...
2024-09-15 23:59:24,439 - __main__ - INFO - Updating marked games UI in UI thread...
2024-09-15 23:59:27,494 - __main__ - WARNING - Exception on collect_game_info for game at index 0 in league ארצות הברית ליגה ראשונה כדורסל נשים ארה"ב. Retrying...
2024-09-15 23:59:28,853 - __main__ - INFO - Updating game data in UI thread...
2024-09-15 23:59:28,853 - __main__ - INFO - Updating marked games UI in UI thread...
2024-09-15 23:59:32,354 - __main__ - INFO - Updating game data in UI thread...
2024-09-15 23:59:32,354 - __main__ - INFO - Updating marked games UI in UI thread...
2024-09-15 23:59:35,822 - __main__ - INFO - Updating game data in UI thread...
2024-09-15 23:59:35,823 - __main__ - INFO - Updating marked games UI in UI thread...
2024-09-15 23:59:39,285 - __main__ - INFO - Updating game data in UI thread...
2024-09-15 23:59:39,285 - __main__ - INFO - Updating marked games UI in UI thread...
2024-09-15 23:59:42,698 - __main__ - INFO - Updating game data in UI thread...
2024-09-15 23:59:42,698 - __main__ - INFO - Updating marked games UI in UI thread...
2024-09-15 23:59:45,750 - __main__ - WARNING - Exception on collect_game_info for game at index 0 in league ארצות הברית ליגה ראשונה כדורסל נשים ארה"ב. Retrying...
2024-09-15 23:59:47,234 - __main__ - INFO - Updating game data in UI thread...
2024-09-15 23:59:47,235 - __main__ - INFO - Updating marked games UI in UI thread...
2024-09-15 23:59:50,283 - __main__ - WARNING - Exception on collect_game_info for game at index 0 in league ארצות הברית ליגה ראשונה כדורסל נשים ארה"ב. Retrying...
2024-09-15 23:59:51,618 - __main__ - INFO - Updating game data in UI thread...
2024-09-15 23:59:51,618 - __main__ - INFO - Updating marked games UI in UI thread...
2024-09-15 23:59:54,673 - __main__ - WARNING - Exception on collect_game_info for game at index 0 in league ארצות הברית ליגה ראשונה כדורסל נשים ארה"ב. Retrying...
2024-09-15 23:59:55,685 - __main__ - WARNING - Exception on collect_game_info for game at index 0 in league ארצות הברית ליגה ראשונה כדורסל נשים ארה"ב. Retrying...
2024-09-15 23:59:56,694 - __main__ - WARNING - Exception on collect_game_info for game at index 0 in league ארצות הברית ליגה ראשונה כדורסל נשים ארה"ב. Retrying...
2024-09-15 23:59:57,704 - __main__ - WARNING - Exception on collect_game_info for game at index 0 in league ארצות הברית ליגה ראשונה כדורסל נשים ארה"ב. Retrying...
2024-09-15 23:59:58,713 - __main__ - WARNING - Exception on collect_game_info for game at index 0 in league ארצות הברית ליגה ראשונה כדורסל נשים ארה"ב. Retrying...
2024-09-15 23:59:59,721 - __main__ - WARNING - Exception on collect_game_info for game at index 0 in league ארצות הברית ליגה ראשונה כדורסל נשים ארה"ב. Retrying...
2024-09-16 00:00:00,729 - __main__ - WARNING - Exception on collect_game_info for game at index 0 in league ארצות הברית ליגה ראשונה כדורסל נשים ארה"ב. Retrying...
2024-09-16 00:00:01,737 - __main__ - WARNING - Exception on collect_game_info for game at index 0 in league ארצות הברית ליגה ראשונה כדורסל נשים ארה"ב. Retrying...
2024-09-16 00:00:02,740 - __main__ - WARNING - Exception on collect_game_info for game at index 0 in league ארצות הברית ליגה ראשונה כדורסל נשים ארה"ב. Retrying...
2024-09-16 00:00:03,749 - __main__ - WARNING - Exception on collect_game_info for game at index 0 in league ארצות הברית ליגה ראשונה כדורסל נשים ארה"ב. Retrying...
2024-09-16 00:00:04,757 - __main__ - WARNING - Exception on collect_game_info for game at index 0 in league ארצות הברית ליגה ראשונה כדורסל נשים ארה"ב. Retrying...
2024-09-16 00:00:05,765 - __main__ - WARNING - Exception on collect_game_info for game at index 0 in league ארצות הברית ליגה ראשונה כדורסל נשים ארה"ב. Retrying...
2024-09-16 00:00:06,769 - __main__ - WARNING - Exception on collect_game_info for game at index 0 in league ארצות הברית ליגה ראשונה כדורסל נשים ארה"ב. Retrying...
2024-09-16 00:00:07,777 - __main__ - WARNING - Exception on collect_game_info for game at index 0 in league ארצות הברית ליגה ראשונה כדורסל נשים ארה"ב. Retrying...
2024-09-16 00:00:08,785 - __main__ - WARNING - Exception on collect_game_info for game at index 0 in league ארצות הברית ליגה ראשונה כדורסל נשים ארה"ב. Retrying...
2024-09-16 00:00:09,791 - __main__ - WARNING - Exception on collect_game_info for game at index 0 in league ארצות הברית ליגה ראשונה כדורסל נשים ארה"ב. Retrying...
2024-09-16 00:00:10,799 - __main__ - WARNING - Exception on collect_game_info for game at index 0 in league ארצות הברית ליגה ראשונה כדורסל נשים ארה"ב. Retrying...
2024-09-16 00:00:11,804 - __main__ - WARNING - Exception on collect_game_info for game at index 0 in league ארצות הברית ליגה ראשונה כדורסל נשים ארה"ב. Retrying...
2024-09-16 00:00:12,813 - __main__ - WARNING - Exception on collect_game_info for game at index 0 in league ארצות הברית ליגה ראשונה כדורסל נשים ארה"ב. Retrying...
2024-09-16 00:00:13,821 - __main__ - WARNING - Exception on collect_game_info for game at index 0 in league ארצות הברית ליגה ראשונה כדורסל נשים ארה"ב. Retrying...
2024-09-16 00:00:14,830 - __main__ - WARNING - Exception on collect_game_info for game at index 0 in league ארצות הברית ליגה ראשונה כדורסל נשים ארה"ב. Retrying...
2024-09-16 00:00:15,838 - __main__ - WARNING - Exception on collect_game_info for game at index 0 in league ארצות הברית ליגה ראשונה כדורסל נשים ארה"ב. Retrying...
2024-09-16 00:00:16,846 - __main__ - WARNING - Exception on collect_game_info for game at index 0 in league ארצות הברית ליגה ראשונה כדורסל נשים ארה"ב. Retrying...
2024-09-16 00:00:17,854 - __main__ - WARNING - Exception on collect_game_info for game at index 0 in league ארצות הברית ליגה ראשונה כדורסל נשים ארה"ב. Retrying...
2024-09-16 00:00:18,858 - __main__ - WARNING - Exception on collect_game_info for game at index 0 in league ארצות הברית ליגה ראשונה כדורסל נשים ארה"ב. Retrying...
2024-09-16 00:00:19,866 - __main__ - WARNING - Exception on collect_game_info for game at index 0 in league ארצות הברית ליגה ראשונה כדורסל נשים ארה"ב. Retrying...
2024-09-16 00:00:20,874 - __main__ - WARNING - Exception on collect_game_info for game at index 0 in league ארצות הברית ליגה ראשונה כדורסל נשים ארה"ב. Retrying...
2024-09-16 00:00:21,882 - __main__ - WARNING - Exception on collect_game_info for game at index 0 in league ארצות הברית ליגה ראשונה כדורסל נשים ארה"ב. Retrying...
2024-09-16 00:00:22,888 - __main__ - WARNING - Exception on collect_game_info for game at index 0 in league ארצות הברית ליגה ראשונה כדורסל נשים ארה"ב. Retrying...
2024-09-16 00:00:23,896 - __main__ - WARNING - Exception on collect_game_info for game at index 0 in league ארצות הברית ליגה ראשונה כדורסל נשים ארה"ב. Retrying...
2024-09-16 00:00:24,905 - __main__ - WARNING - Exception on collect_game_info for game at index 0 in league ארצות הברית ליגה ראשונה כדורסל נשים ארה"ב. Retrying...
2024-09-16 00:00:25,912 - __main__ - WARNING - Exception on collect_game_info for game at index 0 in league ארצות הברית ליגה ראשונה כדורסל נשים ארה"ב. Retrying...
2024-09-16 00:00:26,920 - __main__ - WARNING - Exception on collect_game_info for game at index 0 in league ארצות הברית ליגה ראשונה כדורסל נשים ארה"ב. Retrying...
2024-09-16 00:00:27,925 - __main__ - WARNING - Exception on collect_game_info for game at index 0 in league ארצות הברית ליגה ראשונה כדורסל נשים ארה"ב. Retrying...
2024-09-16 00:00:28,933 - __main__ - WARNING - Exception on collect_game_info for game at index 0 in league ארצות הברית ליגה ראשונה כדורסל נשים ארה"ב. Retrying...
2024-09-16 00:00:29,938 - __main__ - WARNING - Exception on collect_game_info for game at index 0 in league ארצות הברית ליגה ראשונה כדורסל נשים ארה"ב. Retrying...
2024-09-16 00:00:30,946 - __main__ - WARNING - Exception on collect_game_info for game at index 0 in league ארצות הברית ליגה ראשונה כדורסל נשים ארה"ב. Retrying...
2024-09-16 00:00:31,954 - __main__ - WARNING - Exception on collect_game_info for game at index 0 in league ארצות הברית ליגה ראשונה כדורסל נשים ארה"ב. Retrying...
2024-09-16 00:00:32,985 - __main__ - WARNING - Exception on collect_game_info for game at index 0 in league ארצות הברית ליגה ראשונה כדורסל נשים ארה"ב. Retrying...
2024-09-16 00:00:33,994 - __main__ - WARNING - Exception on collect_game_info for game at index 0 in league ארצות הברית ליגה ראשונה כדורסל נשים ארה"ב. Retrying...
2024-09-16 00:00:35,002 - __main__ - WARNING - Exception on collect_game_info for game at index 0 in league ארצות הברית ליגה ראשונה כדורסל נשים ארה"ב. Retrying...
2024-09-16 00:00:36,006 - __main__ - WARNING - Exception on collect_game_info for game at index 0 in league ארצות הברית ליגה ראשונה כדורסל נשים ארה"ב. Retrying...
2024-09-16 00:00:37,014 - __main__ - WARNING - Exception on collect_game_info for game at index 0 in league ארצות הברית ליגה ראשונה כדורסל נשים ארה"ב. Retrying...
2024-09-16 00:00:38,021 - __main__ - WARNING - Exception on collect_game_info for game at index 0 in league ארצות הברית ליגה ראשונה כדורסל נשים ארה"ב. Retrying...
2024-09-16 00:00:39,027 - __main__ - WARNING - Exception on collect_game_info for game at index 0 in league ארצות הברית ליגה ראשונה כדורסל נשים ארה"ב. Retrying...
2024-09-16 00:00:40,030 - __main__ - WARNING - Exception on collect_game_info for game at index 0 in league ארצות הברית ליגה ראשונה כדורסל נשים ארה"ב. Retrying...
2024-09-16 00:00:41,038 - __main__ - WARNING - Exception on collect_game_info for game at index 0 in league ארצות הברית ליגה ראשונה כדורסל נשים ארה"ב. Retrying...
2024-09-16 00:00:42,046 - __main__ - WARNING - Exception on collect_game_info for game at index 0 in league ארצות הברית ליגה ראשונה כדורסל נשים ארה"ב. Retrying...
2024-09-16 00:00:43,055 - __main__ - WARNING - Exception on collect_game_info for game at index 0 in league ארצות הברית ליגה ראשונה כדורסל נשים ארה"ב. Retrying...
2024-09-16 00:00:44,061 - __main__ - WARNING - Exception on collect_game_info for game at index 0 in league ארצות הברית ליגה ראשונה כדורסל נשים ארה"ב. Retrying...
2024-09-16 00:00:45,069 - __main__ - WARNING - Exception on collect_game_info for game at index 0 in league ארצות הברית ליגה ראשונה כדורסל נשים ארה"ב. Retrying...
2024-09-16 00:00:46,076 - __main__ - WARNING - Exception on collect_game_info for game at index 0 in league ארצות הברית ליגה ראשונה כדורסל נשים ארה"ב. Retrying...
2024-09-16 00:00:47,085 - __main__ - WARNING - Exception on collect_game_info for game at index 0 in league ארצות הברית ליגה ראשונה כדורסל נשים ארה"ב. Retrying...
2024-09-16 00:00:48,091 - __main__ - WARNING - Exception on collect_game_info for game at index 0 in league ארצות הברית ליגה ראשונה כדורסל נשים ארה"ב. Retrying...
2024-09-16 00:00:49,100 - __main__ - WARNING - Exception on collect_game_info for game at index 0 in league ארצות הברית ליגה ראשונה כדורסל נשים ארה"ב. Retrying...
2024-09-16 00:00:50,108 - __main__ - WARNING - Exception on collect_game_info for game at index 0 in league ארצות הברית ליגה ראשונה כדורסל נשים ארה"ב. Retrying...
2024-09-16 00:00:51,116 - __main__ - WARNING - Exception on collect_game_info for game at index 0 in league ארצות הברית ליגה ראשונה כדורסל נשים ארה"ב. Retrying...
2024-09-16 00:00:52,120 - __main__ - WARNING - Exception on collect_game_info for game at index 0 in league ארצות הברית ליגה ראשונה כדורסל נשים ארה"ב. Retrying...
2024-09-16 00:00:53,128 - __main__ - WARNING - Exception on collect_game_info for game at index 0 in league ארצות הברית ליגה ראשונה כדורסל נשים ארה"ב. Retrying...
2024-09-16 00:00:54,136 - __main__ - WARNING - Exception on collect_game_info for game at index 0 in league ארצות הברית ליגה ראשונה כדורסל נשים ארה"ב. Retrying...
2024-09-16 00:00:55,144 - __main__ - WARNING - Exception on collect_game_info for game at index 0 in league ארצות הברית ליגה ראשונה כדורסל נשים ארה"ב. Retrying...
2024-09-16 00:00:56,172 - __main__ - WARNING - Exception on collect_game_info for game at index 0 in league ארצות הברית ליגה ראשונה כדורסל נשים ארה"ב. Retrying...
2024-09-16 00:00:57,179 - __main__ - WARNING - Exception on collect_game_info for game at index 0 in league ארצות הברית ליגה ראשונה כדורסל נשים ארה"ב. Retrying...
2024-09-16 00:00:58,187 - __main__ - WARNING - Exception on collect_game_info for game at index 0 in league ארצות הברית ליגה ראשונה כדורסל נשים ארה"ב. Retrying...
2024-09-16 00:00:59,195 - __main__ - WARNING - Exception on collect_game_info for game at index 0 in league ארצות הברית ליגה ראשונה כדורסל נשים ארה"ב. Retrying...
2024-09-16 00:01:00,204 - __main__ - WARNING - Exception on collect_game_info for game at index 0 in league ארצות הברית ליגה ראשונה כדורסל נשים ארה"ב. Retrying...
2024-09-16 00:01:01,212 - __main__ - WARNING - Exception on collect_game_info for game at index 0 in league ארצות הברית ליגה ראשונה כדורסל נשים ארה"ב. Retrying...
2024-09-16 00:01:02,220 - __main__ - WARNING - Exception on collect_game_info for game at index 0 in league ארצות הברית ליגה ראשונה כדורסל נשים ארה"ב. Retrying...
2024-09-16 00:01:03,229 - __main__ - WARNING - Exception on collect_game_info for game at index 0 in league ארצות הברית ליגה ראשונה כדורסל נשים ארה"ב. Retrying...
2024-09-16 00:01:04,237 - __main__ - WARNING - Exception on collect_game_info for game at index 0 in league ארצות הברית ליגה ראשונה כדורסל נשים ארה"ב. Retrying...
2024-09-16 00:01:05,245 - __main__ - WARNING - Exception on collect_game_info for game at index 0 in league ארצות הברית ליגה ראשונה כדורסל נשים ארה"ב. Retrying...
2024-09-16 00:01:06,252 - __main__ - WARNING - Exception on collect_game_info for game at index 0 in league ארצות הברית ליגה ראשונה כדורסל נשים ארה"ב. Retrying...
2024-09-16 00:01:07,260 - __main__ - WARNING - Exception on collect_game_info for game at index 0 in league ארצות הברית ליגה ראשונה כדורסל נשים ארה"ב. Retrying...
2024-09-16 00:01:08,268 - __main__ - WARNING - Exception on collect_game_info for game at index 0 in league ארצות הברית ליגה ראשונה כדורסל נשים ארה"ב. Retrying...
2024-09-16 00:01:09,276 - __main__ - WARNING - Exception on collect_game_info for game at index 0 in league ארצות הברית ליגה ראשונה כדורסל נשים ארה"ב. Retrying...
2024-09-16 00:01:10,285 - __main__ - WARNING - Exception on collect_game_info for game at index 0 in league ארצות הברית ליגה ראשונה כדורסל נשים ארה"ב. Retrying...
2024-09-16 00:01:11,293 - __main__ - WARNING - Exception on collect_game_info for game at index 0 in league ארצות הברית ליגה ראשונה כדורסל נשים ארה"ב. Retrying...
2024-09-16 00:01:12,301 - __main__ - WARNING - Exception on collect_game_info for game at index 0 in league ארצות הברית ליגה ראשונה כדורסל נשים ארה"ב. Retrying...
2024-09-16 00:01:13,306 - __main__ - WARNING - Exception on collect_game_info for game at index 0 in league ארצות הברית ליגה ראשונה כדורסל נשים ארה"ב. Retrying...
2024-09-16 00:01:14,315 - __main__ - WARNING - Exception on collect_game_info for game at index 0 in league ארצות הברית ליגה ראשונה כדורסל נשים ארה"ב. Retrying...
2024-09-16 00:01:15,320 - __main__ - WARNING - Exception on collect_game_info for game at index 0 in league ארצות הברית ליגה ראשונה כדורסל נשים ארה"ב. Retrying...
2024-09-16 00:01:16,324 - __main__ - WARNING - Exception on collect_game_info for game at index 0 in league ארצות הברית ליגה ראשונה כדורסל נשים ארה"ב. Retrying...
2024-09-16 00:01:17,333 - __main__ - WARNING - Exception on collect_game_info for game at index 0 in league ארצות הברית ליגה ראשונה כדורסל נשים ארה"ב. Retrying...
2024-09-16 00:01:18,339 - __main__ - WARNING - Exception on collect_game_info for game at index 0 in league ארצות הברית ליגה ראשונה כדורסל נשים ארה"ב. Retrying...
2024-09-16 00:01:19,344 - __main__ - WARNING - Exception on collect_game_info for game at index 0 in league ארצות הברית ליגה ראשונה כדורסל נשים ארה"ב. Retrying...
2024-09-16 00:01:20,349 - __main__ - WARNING - Exception on collect_game_info for game at index 0 in league ארצות הברית ליגה ראשונה כדורסל נשים ארה"ב. Retrying...
2024-09-16 00:01:21,354 - __main__ - WARNING - Exception on collect_game_info for game at index 0 in league ארצות הברית ליגה ראשונה כדורסל נשים ארה"ב. Retrying...
2024-09-16 00:01:22,359 - __main__ - WARNING - Exception on collect_game_info for game at index 0 in league ארצות הברית ליגה ראשונה כדורסל נשים ארה"ב. Retrying...
2024-09-16 00:01:23,364 - __main__ - WARNING - Exception on collect_game_info for game at index 0 in league ארצות הברית ליגה ראשונה כדורסל נשים ארה"ב. Retrying...
2024-09-16 00:01:24,369 - __main__ - WARNING - Exception on collect_game_info for game at index 0 in league ארצות הברית ליגה ראשונה כדורסל נשים ארה"ב. Retrying...
2024-09-16 00:01:25,375 - __main__ - WARNING - Exception on collect_game_info for game at index 0 in league ארצות הברית ליגה ראשונה כדורסל נשים ארה"ב. Retrying...
2024-09-16 00:01:26,380 - __main__ - WARNING - Exception on collect_game_info for game at index 0 in league ארצות הברית ליגה ראשונה כדורסל נשים ארה"ב. Retrying...
2024-09-16 00:01:27,385 - __main__ - WARNING - Exception on collect_game_info for game at index 0 in league ארצות הברית ליגה ראשונה כדורסל נשים ארה"ב. Retrying...
2024-09-16 00:01:28,390 - __main__ - WARNING - Exception on collect_game_info for game at index 0 in league ארצות הברית ליגה ראשונה כדורסל נשים ארה"ב. Retrying...
2024-09-16 00:01:29,394 - __main__ - WARNING - Exception on collect_game_info for game at index 0 in league ארצות הברית ליגה ראשונה כדורסל נשים ארה"ב. Retrying...
2024-09-16 00:01:30,400 - __main__ - WARNING - Exception on collect_game_info for game at index 0 in league ארצות הברית ליגה ראשונה כדורסל נשים ארה"ב. Retrying...
2024-09-16 00:01:31,405 - __main__ - WARNING - Exception on collect_game_info for game at index 0 in league ארצות הברית ליגה ראשונה כדורסל נשים ארה"ב. Retrying...
2024-09-16 00:01:32,411 - __main__ - WARNING - Exception on collect_game_info for game at index 0 in league ארצות הברית ליגה ראשונה כדורסל נשים ארה"ב. Retrying...
2024-09-16 00:01:33,416 - __main__ - WARNING - Exception on collect_game_info for game at index 0 in league ארצות הברית ליגה ראשונה כדורסל נשים ארה"ב. Retrying...
2024-09-16 00:01:34,421 - __main__ - WARNING - Exception on collect_game_info for game at index 0 in league ארצות הברית ליגה ראשונה כדורסל נשים ארה"ב. Retrying...
2024-09-16 00:01:35,426 - __main__ - WARNING - Exception on collect_game_info for game at index 0 in league ארצות הברית ליגה ראשונה כדורסל נשים ארה"ב. Retrying...
2024-09-16 00:01:36,430 - __main__ - WARNING - Exception on collect_game_info for game at index 0 in league ארצות הברית ליגה ראשונה כדורסל נשים ארה"ב. Retrying...
2024-09-16 00:01:37,435 - __main__ - WARNING - Exception on collect_game_info for game at index 0 in league ארצות הברית ליגה ראשונה כדורסל נשים ארה"ב. Retrying...
2024-09-16 00:01:38,439 - __main__ - WARNING - Exception on collect_game_info for game at index 0 in league ארצות הברית ליגה ראשונה כדורסל נשים ארה"ב. Retrying...
2024-09-16 00:01:39,444 - __main__ - WARNING - Exception on collect_game_info for game at index 0 in league ארצות הברית ליגה ראשונה כדורסל נשים ארה"ב. Retrying...
2024-09-16 00:01:40,450 - __main__ - WARNING - Exception on collect_game_info for game at index 0 in league ארצות הברית ליגה ראשונה כדורסל נשים ארה"ב. Retrying...
2024-09-16 00:01:41,455 - __main__ - WARNING - Exception on collect_game_info for game at index 0 in league ארצות הברית ליגה ראשונה כדורסל נשים ארה"ב. Retrying...
2024-09-16 00:01:42,463 - __main__ - WARNING - Exception on collect_game_info for game at index 0 in league ארצות הברית ליגה ראשונה כדורסל נשים ארה"ב. Retrying...
2024-09-16 00:01:43,471 - __main__ - WARNING - Exception on collect_game_info for game at index 0 in league ארצות הברית ליגה ראשונה כדורסל נשים ארה"ב. Retrying...
2024-09-16 00:01:44,476 - __main__ - WARNING - Exception on collect_game_info for game at index 0 in league ארצות הברית ליגה ראשונה כדורסל נשים ארה"ב. Retrying...
2024-09-16 00:01:45,481 - __main__ - WARNING - Exception on collect_game_info for game at index 0 in league ארצות הברית ליגה ראשונה כדורסל נשים ארה"ב. Retrying...
2024-09-16 00:01:46,487 - __main__ - WARNING - Exception on collect_game_info for game at index 0 in league ארצות הברית ליגה ראשונה כדורסל נשים ארה"ב. Retrying...
2024-09-16 00:01:47,493 - __main__ - WARNING - Exception on collect_game_info for game at index 0 in league ארצות הברית ליגה ראשונה כדורסל נשים ארה"ב. Retrying...
2024-09-16 00:01:48,497 - __main__ - WARNING - Exception on collect_game_info for game at index 0 in league ארצות הברית ליגה ראשונה כדורסל נשים ארה"ב. Retrying...
2024-09-16 00:01:49,502 - __main__ - WARNING - Exception on collect_game_info for game at index 0 in league ארצות הברית ליגה ראשונה כדורסל נשים ארה"ב. Retrying...
2024-09-16 00:01:50,507 - __main__ - WARNING - Exception on collect_game_info for game at index 0 in league ארצות הברית ליגה ראשונה כדורסל נשים ארה"ב. Retrying...
2024-09-16 00:01:51,512 - __main__ - WARNING - Exception on collect_game_info for game at index 0 in league ארצות הברית ליגה ראשונה כדורסל נשים ארה"ב. Retrying...
2024-09-16 00:01:52,517 - __main__ - WARNING - Exception on collect_game_info for game at index 0 in league ארצות הברית ליגה ראשונה כדורסל נשים ארה"ב. Retrying...
2024-09-16 00:01:55,997 - __main__ - INFO - Configurations loaded successfully:
2024-09-16 00:01:57,728 - __main__ - INFO - Connection to db succeeded.
2024-09-16 00:01:57,893 - __main__ - INFO - Access granted to program. Launching the application...
2024-09-16 00:01:59,440 - __main__ - INFO - Initializing Main game window...
2024-09-16 00:01:59,467 - __main__ - INFO - Main game window initialized successfully!
2024-09-16 00:01:59,658 - __main__ - INFO - Access granted to program. Launching the application...
2024-09-16 00:01:59,658 - __main__ - INFO - Initializing the game manager...
2024-09-16 00:02:01,856 - __main__ - ERROR - WebDriver failed to launch: Message: Service /Users/bardamri/.wdm/drivers/chromedriver/mac64/128.0.6613.137/chromedriver-mac-arm64/chromedriver unexpectedly exited. Status code was: -9
. Attempt 1 of 3.
2024-09-16 00:02:02,427 - __main__ - ERROR - WebDriver failed to launch: Message: Service /Users/bardamri/.wdm/drivers/chromedriver/mac64/128.0.6613.137/chromedriver-mac-arm64/chromedriver unexpectedly exited. Status code was: -9
. Attempt 2 of 3.
2024-09-16 00:02:02,980 - __main__ - ERROR - WebDriver failed to launch: Message: Service /Users/bardamri/.wdm/drivers/chromedriver/mac64/128.0.6613.137/chromedriver-mac-arm64/chromedriver unexpectedly exited. Status code was: -9
. Attempt 3 of 3.
2024-09-16 00:02:02,982 - __main__ - CRITICAL - Failed to launch WebDriver after several attempts. Exiting program.
2024-09-16 00:02:02,983 - __main__ - INFO - Logging in to the site...
2024-09-16 00:02:02,983 - __main__ - CRITICAL - Received an error during game login process: 'NoneType' object has no attribute 'get'
2024-09-16 00:02:02,983 - __main__ - INFO - Starting game monitoring...
2024-09-16 00:02:02,983 - __main__ - INFO - Logging in to the site...
2024-09-16 00:02:02,984 - __main__ - ERROR - Unexpected error during play method: 'NoneType' object has no attribute 'current_url'
2024-09-16 00:02:02,984 - __main__ - CRITICAL - Received an error during game login process: 'NoneType' object has no attribute 'get'
2024-09-16 00:02:02,984 - __main__ - INFO - Logging in to the site...
2024-09-16 00:02:02,984 - __main__ - CRITICAL - Received an error during game login process: 'NoneType' object has no attribute 'get'
2024-09-16 00:02:02,984 - __main__ - ERROR - Failed to initialize the game.. Received error : $'NoneType' object has no attribute 'quit'
2024-09-16 00:03:54,999 - __main__ - INFO - Configurations loaded successfully:
2024-09-16 00:03:56,659 - __main__ - INFO - Connection to db succeeded.
2024-09-16 00:03:56,832 - __main__ - INFO - Access granted to program. Launching the application...
2024-09-16 00:03:58,710 - __main__ - INFO - Initializing Main game window...
2024-09-16 00:03:58,736 - __main__ - INFO - Main game window initialized successfully!
2024-09-16 00:03:58,954 - __main__ - INFO - Access granted to program. Launching the application...
2024-09-16 00:03:58,955 - __main__ - INFO - Initializing the game manager...
2024-09-16 00:03:59,499 - __main__ - ERROR - WebDriver failed to launch: Message: Service /Users/bardamri/.wdm/drivers/chromedriver/mac64/128.0.6613.137/chromedriver-mac-arm64/chromedriver unexpectedly exited. Status code was: -9
. Attempt 1 of 3.
2024-09-16 00:04:00,096 - __main__ - ERROR - WebDriver failed to launch: Message: Service /Users/bardamri/.wdm/drivers/chromedriver/mac64/128.0.6613.137/chromedriver-mac-arm64/chromedriver unexpectedly exited. Status code was: -9
. Attempt 2 of 3.
2024-09-16 00:04:00,654 - __main__ - ERROR - WebDriver failed to launch: Message: Service /Users/bardamri/.wdm/drivers/chromedriver/mac64/128.0.6613.137/chromedriver-mac-arm64/chromedriver unexpectedly exited. Status code was: -9
. Attempt 3 of 3.
2024-09-16 00:04:00,657 - __main__ - CRITICAL - Failed to launch WebDriver after several attempts. Exiting program.
2024-09-16 00:04:00,658 - __main__ - INFO - Logging in to the site...
2024-09-16 00:04:00,658 - __main__ - CRITICAL - Received an error during game login process: 'NoneType' object has no attribute 'get'
2024-09-16 00:04:00,658 - __main__ - INFO - Logging in to the site...
2024-09-16 00:04:00,658 - __main__ - CRITICAL - Received an error during game login process: 'NoneType' object has no attribute 'get'
2024-09-16 00:04:00,658 - __main__ - INFO - Logging in to the site...
2024-09-16 00:04:00,659 - __main__ - CRITICAL - Received an error during game login process: 'NoneType' object has no attribute 'get'
2024-09-16 00:04:00,659 - __main__ - ERROR - Failed to initialize the game.. Received error : $'NoneType' object has no attribute 'quit'
2024-09-16 00:04:00,669 - __main__ - INFO - Starting game monitoring...
2024-09-16 00:04:00,669 - __main__ - ERROR - Unexpected error during play method: 'NoneType' object has no attribute 'current_url'
2024-09-16 00:07:09,899 - __main__ - INFO - Configurations loaded successfully:
2024-09-16 00:07:11,579 - __main__ - INFO - Connection to db succeeded.
2024-09-16 00:07:11,741 - __main__ - INFO - Access granted to program. Launching the application...
2024-09-16 00:07:13,342 - __main__ - INFO - Initializing Main game window...
2024-09-16 00:07:13,367 - __main__ - INFO - Main game window initialized successfully!
2024-09-16 00:07:13,554 - __main__ - INFO - Access granted to program. Launching the application...
2024-09-16 00:07:13,555 - __main__ - INFO - Initializing the game manager...
2024-09-16 00:07:14,112 - __main__ - ERROR - WebDriver failed to launch: Message: Service /Users/bardamri/.wdm/drivers/chromedriver/mac64/128.0.6613.137/chromedriver-mac-arm64/chromedriver unexpectedly exited. Status code was: -9
. Attempt 1 of 3.
2024-09-16 00:07:14,662 - __main__ - ERROR - WebDriver failed to launch: Message: Service /Users/bardamri/.wdm/drivers/chromedriver/mac64/128.0.6613.137/chromedriver-mac-arm64/chromedriver unexpectedly exited. Status code was: -9
. Attempt 2 of 3.
2024-09-16 00:07:15,238 - __main__ - ERROR - WebDriver failed to launch: Message: Service /Users/bardamri/.wdm/drivers/chromedriver/mac64/128.0.6613.137/chromedriver-mac-arm64/chromedriver unexpectedly exited. Status code was: -9
. Attempt 3 of 3.
2024-09-16 00:07:15,240 - __main__ - CRITICAL - Failed to launch WebDriver after several attempts. Exiting program.
2024-09-16 00:07:15,240 - __main__ - ERROR - Failed to initialize the game.. Received error : $Failed to load the Web Driver. Exiting...
2024-09-16 00:09:00,409 - __main__ - INFO - Configurations loaded successfully:
2024-09-16 00:09:02,082 - __main__ - INFO - Connection to db succeeded.
2024-09-16 00:09:02,246 - __main__ - INFO - Access granted to program. Launching the application...
2024-09-16 00:09:03,885 - __main__ - INFO - Initializing Main game window...
2024-09-16 00:09:03,911 - __main__ - INFO - Main game window initialized successfully!
2024-09-16 00:09:04,101 - __main__ - INFO - Access granted to program. Launching the application...
2024-09-16 00:09:04,102 - __main__ - INFO - Initializing the game manager...
2024-09-16 00:09:04,664 - __main__ - ERROR - WebDriver failed to launch: Message: Service /Users/bardamri/.wdm/drivers/chromedriver/mac64/128.0.6613.137/chromedriver-mac-arm64/chromedriver unexpectedly exited. Status code was: -9
. Attempt 1 of 3.
2024-09-16 00:09:05,206 - __main__ - ERROR - WebDriver failed to launch: Message: Service /Users/bardamri/.wdm/drivers/chromedriver/mac64/128.0.6613.137/chromedriver-mac-arm64/chromedriver unexpectedly exited. Status code was: -9
. Attempt 2 of 3.
2024-09-16 00:09:05,758 - __main__ - ERROR - WebDriver failed to launch: Message: Service /Users/bardamri/.wdm/drivers/chromedriver/mac64/128.0.6613.137/chromedriver-mac-arm64/chromedriver unexpectedly exited. Status code was: -9
. Attempt 3 of 3.
2024-09-16 00:09:05,760 - __main__ - CRITICAL - Failed to launch WebDriver after several attempts. Exiting program.
2024-09-16 00:09:05,760 - __main__ - ERROR - Failed to initialize the game.. Received error : $Failed to load the Web Driver. Exiting...
